2026-01-27T17:13:31: ❌ Erreur recherche aides: Request failed with status code 401
2026-01-27T17:13:31: ❌ Erreur recherche: Request failed with status code 401
2026-01-27T17:13:31: ❌ Erreur recherche aides: Request failed with status code 401
2026-01-27T17:13:31: ❌ Erreur recherche: Request failed with status code 401
2026-01-27T17:13:31: ❌ Erreur recherche aides: Request failed with status code 401
2026-01-27T17:13:31: ❌ Erreur recherche: Request failed with status code 401
2026-01-27T17:13:46: ❌ Erreur recherche aides: Request failed with status code 401
2026-01-27T17:13:46: ❌ Erreur recherche: Request failed with status code 401
2026-01-27T17:13:49: ❌ Erreur recherche aides: Request failed with status code 401
2026-01-27T17:13:49: ❌ Erreur recherche: Request failed with status code 401
2026-01-27T17:13:50: ❌ Erreur recherche aides: Request failed with status code 401
2026-01-27T17:13:50: ❌ Erreur recherche: Request failed with status code 401
2026-01-27T17:13:55: ❌ Erreur recherche aides: Request failed with status code 401
2026-01-27T17:13:55: ❌ Erreur recherche: Request failed with status code 401
2026-01-27T17:14:23: ❌ Erreur recherche aides: Request failed with status code 401
2026-01-27T17:14:23: ❌ Erreur recherche: Request failed with status code 401
2026-01-27T17:16:22: ❌ Erreur authentification: 401 Request failed with status code 401
2026-01-27T17:16:22: ❌ Erreur recherche aides: 401 Request failed with status code 401
2026-01-27T17:16:22: ❌ Erreur recherche: Request failed with status code 401
2026-01-27T17:16:40: ❌ Erreur recherche aides: 401 Request failed with status code 401
2026-01-27T17:16:40: ❌ Erreur recherche: Request failed with status code 401
2026-01-27T17:17:24: ❌ Erreur authentification: Request failed with status code 401
2026-01-27T17:17:24: Erreur test API: Request failed with status code 401
2026-01-27T17:17:24: ❌ Erreur recherche aides: Request failed with status code 401
2026-01-27T17:17:24: ❌ Erreur recherche: Request failed with status code 401
2026-01-27T17:17:39: ❌ Erreur recherche aides: Request failed with status code 401
2026-01-27T17:17:39: ❌ Erreur recherche: Request failed with status code 401
2026-01-27T17:17:42: ❌ Erreur recherche aides: Request failed with status code 401
2026-01-27T17:17:42: ❌ Erreur recherche: Request failed with status code 401
