2026-01-26T18:02:51: 
> granto@1.0.0 start
> next start -p 3002

2026-01-27T13:22:41: 
> granto@1.0.0 start
> next start -p 3002

2026-01-27T13:22:44: 2026-01-27T13:22:44: 2026-01-27T13:22:47: 
> granto@1.0.0 start
> next start -p 3002

2026-01-27T13:22:50: 2026-01-27T13:22:50: 2026-01-27T13:22:53: 
> granto@1.0.0 start
> next start -p 3002

2026-01-27T13:22:56: 2026-01-27T13:22:56: 2026-01-27T13:23:00: 
> granto@1.0.0 start
> next start -p 3002

2026-01-27T13:23:03: 2026-01-27T13:23:03: 2026-01-27T13:23:06: 
> granto@1.0.0 start
> next start -p 3002

2026-01-27T13:23:09: 2026-01-27T13:23:09: 2026-01-27T13:23:12: 
> granto@1.0.0 start
> next start -p 3002

2026-01-27T13:23:16: 2026-01-27T13:23:16: 2026-01-27T13:23:20: 
> granto@1.0.0 start
> next start -p 3002

2026-01-27T13:23:24: 2026-01-27T13:23:24: 2026-01-27T13:23:28: 
> granto@1.0.0 start
> next start -p 3002

2026-01-27T13:23:32: 2026-01-27T13:23:32: 2026-01-27T13:23:37: 
> granto@1.0.0 start
> next start -p 3002

2026-01-27T13:23:40: 2026-01-27T13:23:40: 2026-01-27T13:23:44: 
> granto@1.0.0 start
> next start -p 3002

2026-01-27T13:23:48: 2026-01-27T13:23:48: 2026-01-27T13:23:52: 
> granto@1.0.0 start
> next start -p 3002

2026-01-27T13:23:55: 2026-01-27T13:23:55: 2026-01-27T13:24:00: 
> granto@1.0.0 start
> next start -p 3002

2026-01-27T13:24:04: 2026-01-27T13:24:04: 2026-01-27T13:24:08: 
> granto@1.0.0 start
> next start -p 3002

2026-01-27T13:24:12: 2026-01-27T13:24:12: 2026-01-27T13:24:16: 
> granto@1.0.0 start
> next start -p 3002

2026-01-27T13:24:20: 2026-01-27T13:24:20: 2026-01-27T13:24:24: 
> granto@1.0.0 start
> next start -p 3002

2026-01-27T13:24:28: 2026-01-27T13:24:28: 2026-01-27T13:24:32: 
> granto@1.0.0 start
> next start -p 3002

2026-01-27T13:24:36: 2026-01-27T13:24:36: 2026-01-27T13:24:40: 
> granto@1.0.0 start
> next start -p 3002

2026-01-27T13:24:43: 2026-01-27T13:24:43: 2026-01-27T13:24:48: 
> granto@1.0.0 start
> next start -p 3002

2026-01-27T13:24:52: 2026-01-27T13:24:52: 2026-01-27T13:24:56: 
> granto@1.0.0 start
> next start -p 3002

2026-01-27T13:25:00: 2026-01-27T13:25:00: 2026-01-27T13:25:04: 
> granto@1.0.0 start
> next start -p 3002

2026-01-27T13:25:08: 2026-01-27T13:25:08: 2026-01-27T13:25:12: 
> granto@1.0.0 start
> next start -p 3002

2026-01-27T13:25:16: 2026-01-27T13:25:16: 2026-01-27T13:25:20: 
> granto@1.0.0 start
> next start -p 3002

2026-01-27T13:25:24: 2026-01-27T13:25:24: 2026-01-27T13:25:28: 
> granto@1.0.0 start
> next start -p 3002

2026-01-27T13:25:31: 2026-01-27T13:25:31: 2026-01-27T13:25:34: 
> granto@1.0.0 start
> next start -p 3002

2026-01-27T13:25:37: 2026-01-27T13:25:37: 2026-01-27T13:25:40: 
> granto@1.0.0 start
> next start -p 3002

2026-01-27T13:25:43: 2026-01-27T13:25:43: 2026-01-27T13:25:46: 
> granto@1.0.0 start
> next start -p 3002

2026-01-27T13:25:49: 2026-01-27T13:25:49: 2026-01-27T13:25:52: 
> granto@1.0.0 start
> next start -p 3002

2026-01-27T13:25:55: 2026-01-27T13:25:55: 2026-01-27T13:25:58: 
> granto@1.0.0 start
> next start -p 3002

2026-01-27T13:26:01: 2026-01-27T13:26:01: 2026-01-27T13:26:05: 
> granto@1.0.0 start
> next start -p 3002

2026-01-27T13:26:08: 2026-01-27T13:26:08: 2026-01-27T13:26:11: 
> granto@1.0.0 start
> next start -p 3002

2026-01-27T13:26:14: 2026-01-27T13:26:14: 2026-01-27T13:26:17: 
> granto@1.0.0 start
> next start -p 3002

2026-01-27T13:26:20: 2026-01-27T13:26:20: 2026-01-27T13:26:23: 
> granto@1.0.0 start
> next start -p 3002

2026-01-27T13:26:26: 2026-01-27T13:26:26: 2026-01-27T13:26:29: 
> granto@1.0.0 start
> next start -p 3002

2026-01-27T13:26:32: 2026-01-27T13:26:32: 2026-01-27T13:26:35: 
> granto@1.0.0 start
> next start -p 3002

2026-01-27T13:26:38: 2026-01-27T13:26:38: 2026-01-27T13:26:41: 
> granto@1.0.0 start
> next start -p 3002

2026-01-27T13:26:45: 2026-01-27T13:26:45: 2026-01-27T13:26:48: 
> granto@1.0.0 start
> next start -p 3002

2026-01-27T13:26:51: 2026-01-27T13:26:51: 2026-01-27T13:26:54: 
> granto@1.0.0 start
> next start -p 3002

2026-01-27T13:26:57: 2026-01-27T13:26:57: 2026-01-27T13:27:00: 
> granto@1.0.0 start
> next start -p 3002

2026-01-27T13:27:03: 2026-01-27T13:27:03: 2026-01-27T13:27:07: 
> granto@1.0.0 start
> next start -p 3002

2026-01-27T13:27:11: 2026-01-27T13:27:11: 2026-01-27T13:27:15: 
> granto@1.0.0 start
> next start -p 3002

2026-01-27T13:27:19: 2026-01-27T13:27:19: 2026-01-27T13:27:23: 
> granto@1.0.0 start
> next start -p 3002

2026-01-27T13:27:27: 2026-01-27T13:27:31: 
> granto@1.0.0 start
> next start -p 3002

2026-01-27T13:27:34: 2026-01-27T13:27:34: 2026-01-27T13:27:39: 
> granto@1.0.0 start
> next start -p 3002

2026-01-27T13:27:42: 2026-01-27T13:27:42: 2026-01-27T13:27:47: 
> granto@1.0.0 start
> next start -p 3002

2026-01-27T13:27:50: 2026-01-27T13:27:50: 2026-01-27T13:27:54: 
> granto@1.0.0 start
> next start -p 3002

2026-01-27T13:27:58: 2026-01-27T13:27:58: 2026-01-27T13:28:02: 
> granto@1.0.0 start
> next start -p 3002

2026-01-27T13:28:06: 2026-01-27T13:28:06: 2026-01-27T13:28:10: 
> granto@1.0.0 start
> next start -p 3002

2026-01-27T13:28:14: 2026-01-27T13:28:14: 2026-01-27T13:28:18: 
> granto@1.0.0 start
> next start -p 3002

2026-01-27T13:28:21: 2026-01-27T13:28:21: 2026-01-27T13:28:24: 
> granto@1.0.0 start
> next start -p 3002

2026-01-27T13:28:27: 2026-01-27T13:28:27: 2026-01-27T13:28:31: 
> granto@1.0.0 start
> next start -p 3002

2026-01-27T13:28:34: 2026-01-27T13:28:34: 2026-01-27T13:28:37: 
> granto@1.0.0 start
> next start -p 3002

2026-01-27T13:28:40: 2026-01-27T13:28:40: 2026-01-27T13:28:43: 
> granto@1.0.0 start
> next start -p 3002

2026-01-27T13:28:46: 2026-01-27T13:28:46: 2026-01-27T13:28:49: 
> granto@1.0.0 start
> next start -p 3002

2026-01-27T13:28:52: 2026-01-27T13:28:52: 2026-01-27T13:28:55: 
> granto@1.0.0 start
> next start -p 3002

2026-01-27T13:28:58: 2026-01-27T13:28:58: 2026-01-27T13:29:01: 
> granto@1.0.0 start
> next start -p 3002

2026-01-27T13:29:04: 2026-01-27T13:29:04: 2026-01-27T13:29:07: 
> granto@1.0.0 start
> next start -p 3002

2026-01-27T13:29:11: 2026-01-27T13:29:11: 2026-01-27T13:29:14: 
> granto@1.0.0 start
> next start -p 3002

2026-01-27T13:29:17: 2026-01-27T13:29:17: 2026-01-27T13:29:20: 
> granto@1.0.0 start
> next start -p 3002

2026-01-27T13:29:23: 2026-01-27T13:29:23: 2026-01-27T13:29:26: 
> granto@1.0.0 start
> next start -p 3002

2026-01-27T13:29:29: 2026-01-27T13:29:29: 2026-01-27T13:29:32: 
> granto@1.0.0 start
> next start -p 3002

2026-01-27T13:29:35: 2026-01-27T13:29:35: 2026-01-27T13:29:38: 
> granto@1.0.0 start
> next start -p 3002

2026-01-27T13:29:41: 2026-01-27T13:29:41: 2026-01-27T13:29:44: 
> granto@1.0.0 start
> next start -p 3002

2026-01-27T13:29:47: 2026-01-27T13:29:47: 2026-01-27T13:29:50: 
> granto@1.0.0 start
> next start -p 3002

2026-01-27T13:29:53: 2026-01-27T13:29:53: 2026-01-27T13:29:56: 
> granto@1.0.0 start
> next start -p 3002

2026-01-27T13:30:00: 2026-01-27T13:30:00: 2026-01-27T13:30:03: 
> granto@1.0.0 start
> next start -p 3002

2026-01-27T13:30:06: 2026-01-27T13:30:06: 2026-01-27T13:30:09: 
> granto@1.0.0 start
> next start -p 3002

2026-01-27T13:30:12: 2026-01-27T13:30:12: 2026-01-27T13:30:15: 
> granto@1.0.0 start
> next start -p 3002

2026-01-27T13:30:18: 2026-01-27T13:30:18: 2026-01-27T13:30:21: 
> granto@1.0.0 start
> next start -p 3002

2026-01-27T13:30:24: 2026-01-27T13:30:24: 2026-01-27T13:30:27: 
> granto@1.0.0 start
> next start -p 3002

2026-01-27T13:30:30: 2026-01-27T13:30:30: 2026-01-27T13:30:34: 
> granto@1.0.0 start
> next start -p 3002

2026-01-27T13:30:37: 2026-01-27T13:30:37: 2026-01-27T13:30:40: 
> granto@1.0.0 start
> next start -p 3002

2026-01-27T13:30:43: 2026-01-27T13:30:43: 2026-01-27T13:30:46: 
> granto@1.0.0 start
> next start -p 3002

2026-01-27T13:30:49: 2026-01-27T13:30:49: 2026-01-27T13:30:52: 
> granto@1.0.0 start
> next start -p 3002

2026-01-27T13:30:55: 2026-01-27T13:30:55: 2026-01-27T13:30:58: 
> granto@1.0.0 start
> next start -p 3002

2026-01-27T13:31:01: 2026-01-27T13:31:01: 2026-01-27T13:31:04: 
> granto@1.0.0 start
> next start -p 3002

2026-01-27T13:31:07: 2026-01-27T13:31:07: 2026-01-27T13:31:10: 
> granto@1.0.0 start
> next start -p 3002

2026-01-27T13:31:13: 2026-01-27T13:31:13: 2026-01-27T13:31:17: 
> granto@1.0.0 start
> next start -p 3002

2026-01-27T13:31:20: 2026-01-27T13:31:20: 2026-01-27T13:31:23: 
> granto@1.0.0 start
> next start -p 3002

2026-01-27T13:31:26: 2026-01-27T13:31:26: 2026-01-27T13:31:29: 
> granto@1.0.0 start
> next start -p 3002

2026-01-27T13:31:32: 2026-01-27T13:31:32: 2026-01-27T13:31:35: 
> granto@1.0.0 start
> next start -p 3002

2026-01-27T13:31:38: 2026-01-27T13:31:38: 2026-01-27T13:31:41: 
> granto@1.0.0 start
> next start -p 3002

2026-01-27T13:31:44: 2026-01-27T13:31:44: 2026-01-27T13:31:47: 
> granto@1.0.0 start
> next start -p 3002

2026-01-27T13:31:50: 2026-01-27T13:31:50: 2026-01-27T13:31:53: 
> granto@1.0.0 start
> next start -p 3002

2026-01-27T13:31:56: 2026-01-27T13:31:56: 2026-01-27T13:31:59: 
> granto@1.0.0 start
> next start -p 3002

2026-01-27T13:32:03: 2026-01-27T13:32:03: 2026-01-27T13:32:06: 
> granto@1.0.0 start
> next start -p 3002

2026-01-27T13:32:09: 2026-01-27T13:32:09: 2026-01-27T13:32:12: 
> granto@1.0.0 start
> next start -p 3002

2026-01-27T13:32:15: 2026-01-27T13:32:15: 2026-01-27T13:32:18: 
> granto@1.0.0 start
> next start -p 3002

2026-01-27T13:32:21: 2026-01-27T13:32:21: 2026-01-27T13:32:24: 
> granto@1.0.0 start
> next start -p 3002

2026-01-27T13:32:27: 2026-01-27T13:32:27: 2026-01-27T13:32:30: 
> granto@1.0.0 start
> next start -p 3002

2026-01-27T13:32:33: 2026-01-27T13:32:33: 2026-01-27T13:32:36: 
> granto@1.0.0 start
> next start -p 3002

2026-01-27T13:32:40: 2026-01-27T13:32:40: 2026-01-27T13:32:43: 
> granto@1.0.0 start
> next start -p 3002

2026-01-27T13:32:46: 2026-01-27T13:32:46: 2026-01-27T13:32:49: 
> granto@1.0.0 start
> next start -p 3002

2026-01-27T13:32:52: 2026-01-27T13:32:52: 2026-01-27T13:32:55: 
> granto@1.0.0 start
> next start -p 3002

2026-01-27T13:32:58: 2026-01-27T13:32:58: 2026-01-27T13:33:01: 
> granto@1.0.0 start
> next start -p 3002

2026-01-27T13:33:04: 2026-01-27T13:33:04: 2026-01-27T13:33:07: 
> granto@1.0.0 start
> next start -p 3002

2026-01-27T13:33:10: 2026-01-27T13:33:10: 2026-01-27T13:33:14: 
> granto@1.0.0 start
> next start -p 3002

2026-01-27T13:33:17: 2026-01-27T13:33:17: 2026-01-27T13:33:20: 
> granto@1.0.0 start
> next start -p 3002

2026-01-27T13:33:23: 2026-01-27T13:33:23: 2026-01-27T13:33:26: 
> granto@1.0.0 start
> next start -p 3002

2026-01-27T13:33:29: 2026-01-27T13:33:29: 2026-01-27T13:33:32: 
> granto@1.0.0 start
> next start -p 3002

2026-01-27T13:33:35: 2026-01-27T13:33:35: 2026-01-27T13:33:38: 
> granto@1.0.0 start
> next start -p 3002

2026-01-27T13:33:41: 2026-01-27T13:33:41: 2026-01-27T13:33:44: 
> granto@1.0.0 start
> next start -p 3002

2026-01-27T13:33:47: 2026-01-27T13:33:47: 2026-01-27T13:33:50: 
> granto@1.0.0 start
> next start -p 3002

2026-01-27T13:33:53: 2026-01-27T13:33:53: 2026-01-27T13:33:57: 
> granto@1.0.0 start
> next start -p 3002

2026-01-27T13:34:00: 2026-01-27T13:34:00: 2026-01-27T13:34:03: 
> granto@1.0.0 start
> next start -p 3002

2026-01-27T13:34:06: 2026-01-27T13:34:06: 2026-01-27T13:34:09: 
> granto@1.0.0 start
> next start -p 3002

2026-01-27T13:34:12: 2026-01-27T13:34:12: 2026-01-27T13:34:15: 
> granto@1.0.0 start
> next start -p 3002

2026-01-27T13:34:18: 2026-01-27T13:34:21: 
> granto@1.0.0 start
> next start -p 3002

2026-01-27T13:34:24: 2026-01-27T13:34:24: 2026-01-27T13:34:27: 
> granto@1.0.0 start
> next start -p 3002

2026-01-27T13:34:31: 2026-01-27T13:34:31: 2026-01-27T13:34:34: 
> granto@1.0.0 start
> next start -p 3002

2026-01-27T13:34:37: 2026-01-27T13:34:37: 2026-01-27T13:34:40: 
> granto@1.0.0 start
> next start -p 3002

2026-01-27T13:34:43: 2026-01-27T13:34:43: 2026-01-27T13:34:46: 
> granto@1.0.0 start
> next start -p 3002

2026-01-27T13:34:49: 2026-01-27T13:34:49: 2026-01-27T13:34:53: 
> granto@1.0.0 start
> next start -p 3002

2026-01-27T13:34:56: 2026-01-27T13:34:56: 2026-01-27T13:34:59: 
> granto@1.0.0 start
> next start -p 3002

2026-01-27T13:35:02: 2026-01-27T13:35:02: 2026-01-27T13:35:05: 
> granto@1.0.0 start
> next start -p 3002

2026-01-27T13:35:08: 2026-01-27T13:35:08: 2026-01-27T13:35:11: 
> granto@1.0.0 start
> next start -p 3002

2026-01-27T13:35:14: 2026-01-27T13:35:14: 2026-01-27T13:35:17: 
> granto@1.0.0 start
> next start -p 3002

2026-01-27T13:35:20: 2026-01-27T13:35:20: 2026-01-27T13:35:23: 
> granto@1.0.0 start
> next start -p 3002

2026-01-27T13:35:26: 2026-01-27T13:35:26: 2026-01-27T13:35:29: 
> granto@1.0.0 start
> next start -p 3002

2026-01-27T13:35:32: 2026-01-27T13:35:32: 2026-01-27T13:35:36: 
> granto@1.0.0 start
> next start -p 3002

2026-01-27T13:35:39: 2026-01-27T13:35:39: 2026-01-27T13:35:42: 
> granto@1.0.0 start
> next start -p 3002

2026-01-27T13:35:45: 2026-01-27T13:35:45: 2026-01-27T13:35:48: 
> granto@1.0.0 start
> next start -p 3002

2026-01-27T13:35:51: 2026-01-27T13:35:51: 2026-01-27T13:35:54: 
> granto@1.0.0 start
> next start -p 3002

2026-01-27T13:35:57: 2026-01-27T13:35:57: 2026-01-27T13:36:00: 
> granto@1.0.0 start
> next start -p 3002

2026-01-27T13:36:03: 2026-01-27T13:36:03: 2026-01-27T13:36:06: 
> granto@1.0.0 start
> next start -p 3002

2026-01-27T13:36:09: 2026-01-27T13:36:09: 2026-01-27T13:36:12: 
> granto@1.0.0 start
> next start -p 3002

2026-01-27T13:36:15: 2026-01-27T13:36:15: 2026-01-27T13:36:18: 
> granto@1.0.0 start
> next start -p 3002

2026-01-27T13:36:22: 2026-01-27T13:36:22: 2026-01-27T13:36:25: 
> granto@1.0.0 start
> next start -p 3002

2026-01-27T13:36:28: 2026-01-27T13:36:28: 2026-01-27T13:36:31: 
> granto@1.0.0 start
> next start -p 3002

2026-01-27T13:36:34: 2026-01-27T13:36:34: 2026-01-27T13:36:37: 
> granto@1.0.0 start
> next start -p 3002

2026-01-27T13:36:40: 2026-01-27T13:36:40: 2026-01-27T13:36:43: 
> granto@1.0.0 start
> next start -p 3002

2026-01-27T13:36:46: 2026-01-27T13:36:46: 2026-01-27T13:36:49: 
> granto@1.0.0 start
> next start -p 3002

2026-01-27T13:36:52: 2026-01-27T13:36:52: 2026-01-27T13:36:55: 
> granto@1.0.0 start
> next start -p 3002

2026-01-27T13:36:58: 2026-01-27T13:36:58: 2026-01-27T13:37:01: 
> granto@1.0.0 start
> next start -p 3002

2026-01-27T13:37:05: 2026-01-27T13:37:05: 2026-01-27T13:37:08: 
> granto@1.0.0 start
> next start -p 3002

2026-01-27T13:37:11: 2026-01-27T13:37:11: 2026-01-27T13:37:14: 
> granto@1.0.0 start
> next start -p 3002

2026-01-27T13:37:17: 2026-01-27T13:37:17: 2026-01-27T13:37:20: 
> granto@1.0.0 start
> next start -p 3002

2026-01-27T13:37:23: 2026-01-27T13:37:23: 2026-01-27T13:37:26: 
> granto@1.0.0 start
> next start -p 3002

2026-01-27T13:37:29: 2026-01-27T13:37:29: 2026-01-27T13:37:32: 
> granto@1.0.0 start
> next start -p 3002

2026-01-27T13:37:35: 2026-01-27T13:37:35: 2026-01-27T13:37:38: 
> granto@1.0.0 start
> next start -p 3002

2026-01-27T13:37:41: 2026-01-27T13:37:41: 2026-01-27T13:37:44: 
> granto@1.0.0 start
> next start -p 3002

2026-01-27T13:37:47: 2026-01-27T13:37:47: 2026-01-27T13:37:51: 
> granto@1.0.0 start
> next start -p 3002

2026-01-27T13:37:54: 2026-01-27T13:37:54: 2026-01-27T13:37:57: 
> granto@1.0.0 start
> next start -p 3002

2026-01-27T13:38:00: 2026-01-27T13:38:00: 2026-01-27T13:38:03: 
> granto@1.0.0 start
> next start -p 3002

2026-01-27T13:38:06: 2026-01-27T13:38:06: 2026-01-27T13:38:09: 
> granto@1.0.0 start
> next start -p 3002

2026-01-27T13:38:12: 2026-01-27T13:38:12: 2026-01-27T13:38:15: 
> granto@1.0.0 start
> next start -p 3002

2026-01-27T13:38:18: 2026-01-27T13:38:18: 2026-01-27T13:38:21: 
> granto@1.0.0 start
> next start -p 3002

2026-01-27T13:38:24: 2026-01-27T13:38:24: 2026-01-27T13:38:27: 
> granto@1.0.0 start
> next start -p 3002

2026-01-27T13:38:30: 2026-01-27T13:38:30: 2026-01-27T13:38:33: 
> granto@1.0.0 start
> next start -p 3002

2026-01-27T13:38:37: 2026-01-27T13:38:37: 2026-01-27T13:38:40: 
> granto@1.0.0 start
> next start -p 3002

2026-01-27T13:38:43: 2026-01-27T13:38:43: 2026-01-27T13:38:46: 
> granto@1.0.0 start
> next start -p 3002

2026-01-27T13:38:49: 2026-01-27T13:38:49: 2026-01-27T13:38:52: 
> granto@1.0.0 start
> next start -p 3002

2026-01-27T13:38:55: 2026-01-27T13:38:55: 2026-01-27T13:38:58: 
> granto@1.0.0 start
> next start -p 3002

2026-01-27T13:39:01: 2026-01-27T13:39:01: 2026-01-27T13:39:04: 
> granto@1.0.0 start
> next start -p 3002

2026-01-27T13:39:07: 2026-01-27T13:39:07: 2026-01-27T13:39:10: 
> granto@1.0.0 start
> next start -p 3002

2026-01-27T13:39:13: 2026-01-27T13:39:13: 2026-01-27T13:39:16: 
> granto@1.0.0 start
> next start -p 3002

2026-01-27T13:39:19: 2026-01-27T13:39:19: 2026-01-27T13:39:23: 
> granto@1.0.0 start
> next start -p 3002

2026-01-27T13:39:26: 2026-01-27T13:39:26: 2026-01-27T13:39:29: 
> granto@1.0.0 start
> next start -p 3002

2026-01-27T13:39:32: 2026-01-27T13:39:32: 2026-01-27T13:39:35: 
> granto@1.0.0 start
> next start -p 3002

2026-01-27T13:39:38: 2026-01-27T13:39:38: 2026-01-27T13:39:41: 
> granto@1.0.0 start
> next start -p 3002

2026-01-27T13:39:44: 2026-01-27T13:39:44: 2026-01-27T13:39:47: 
> granto@1.0.0 start
> next start -p 3002

2026-01-27T13:39:50: 2026-01-27T13:39:50: 2026-01-27T13:39:53: 
> granto@1.0.0 start
> next start -p 3002

2026-01-27T13:39:56: 2026-01-27T13:39:56: 2026-01-27T13:39:59: 
> granto@1.0.0 start
> next start -p 3002

2026-01-27T13:40:02: 2026-01-27T13:40:02: 2026-01-27T13:40:05: 
> granto@1.0.0 start
> next start -p 3002

2026-01-27T13:40:08: 2026-01-27T13:40:08: 2026-01-27T13:40:11: 
> granto@1.0.0 start
> next start -p 3002

2026-01-27T13:40:14: 2026-01-27T13:40:14: 2026-01-27T13:40:18: 
> granto@1.0.0 start
> next start -p 3002

2026-01-27T13:40:21: 2026-01-27T13:40:21: 2026-01-27T13:40:24: 
> granto@1.0.0 start
> next start -p 3002

2026-01-27T13:40:27: 2026-01-27T13:40:27: 2026-01-27T13:40:30: 
> granto@1.0.0 start
> next start -p 3002

2026-01-27T13:40:33: 2026-01-27T13:40:33: 2026-01-27T13:40:36: 
> granto@1.0.0 start
> next start -p 3002

2026-01-27T13:40:39: 2026-01-27T13:40:39: 2026-01-27T13:40:42: 
> granto@1.0.0 start
> next start -p 3002

2026-01-27T13:40:45: 2026-01-27T13:40:45: 2026-01-27T13:40:48: 
> granto@1.0.0 start
> next start -p 3002

2026-01-27T13:40:51: 2026-01-27T13:40:51: 2026-01-27T13:40:55: 
> granto@1.0.0 start
> next start -p 3002

2026-01-27T13:40:58: 2026-01-27T13:40:58: 2026-01-27T13:41:01: 
> granto@1.0.0 start
> next start -p 3002

2026-01-27T13:41:04: 2026-01-27T13:41:04: 2026-01-27T13:41:07: 
> granto@1.0.0 start
> next start -p 3002

2026-01-27T13:41:10: 2026-01-27T13:41:10: 2026-01-27T13:41:13: 
> granto@1.0.0 start
> next start -p 3002

2026-01-27T13:41:16: 2026-01-27T13:41:16: 2026-01-27T13:41:19: 
> granto@1.0.0 start
> next start -p 3002

2026-01-27T13:41:22: 2026-01-27T13:41:22: 2026-01-27T13:41:25: 
> granto@1.0.0 start
> next start -p 3002

2026-01-27T13:41:28: 2026-01-27T13:41:28: 2026-01-27T13:41:32: 
> granto@1.0.0 start
> next start -p 3002

2026-01-27T13:41:35: 2026-01-27T13:41:35: 2026-01-27T13:41:38: 
> granto@1.0.0 start
> next start -p 3002

2026-01-27T13:41:41: 2026-01-27T13:41:41: 2026-01-27T13:41:44: 
> granto@1.0.0 start
> next start -p 3002

2026-01-27T13:41:47: 2026-01-27T13:41:47: 2026-01-27T13:41:50: 
> granto@1.0.0 start
> next start -p 3002

2026-01-27T13:41:53: 2026-01-27T13:41:53: 2026-01-27T13:41:56: 
> granto@1.0.0 start
> next start -p 3002

2026-01-27T13:41:59: 2026-01-27T13:41:59: 2026-01-27T13:42:02: 
> granto@1.0.0 start
> next start -p 3002

2026-01-27T13:42:05: 2026-01-27T13:42:05: 2026-01-27T13:42:09: 
> granto@1.0.0 start
> next start -p 3002

2026-01-27T13:42:12: 2026-01-27T13:42:12: 2026-01-27T13:42:15: 
> granto@1.0.0 start
> next start -p 3002

2026-01-27T13:42:18: 2026-01-27T13:42:18: 2026-01-27T13:42:21: 
> granto@1.0.0 start
> next start -p 3002

2026-01-27T13:42:24: 2026-01-27T13:42:24: 2026-01-27T13:42:27: 
> granto@1.0.0 start
> next start -p 3002

2026-01-27T13:42:30: 2026-01-27T13:42:30: 2026-01-27T13:42:33: 
> granto@1.0.0 start
> next start -p 3002

2026-01-27T13:42:36: 2026-01-27T13:42:36: 2026-01-27T13:42:39: 
> granto@1.0.0 start
> next start -p 3002

2026-01-27T13:42:42: 2026-01-27T13:42:42: 2026-01-27T13:42:46: 
> granto@1.0.0 start
> next start -p 3002

2026-01-27T13:42:49: 2026-01-27T13:42:49: 2026-01-27T13:42:52: 
> granto@1.0.0 start
> next start -p 3002

2026-01-27T13:42:55: 2026-01-27T13:42:55: 2026-01-27T13:42:58: 
> granto@1.0.0 start
> next start -p 3002

2026-01-27T13:43:01: 2026-01-27T13:43:01: 2026-01-27T13:43:04: 
> granto@1.0.0 start
> next start -p 3002

2026-01-27T13:43:07: 2026-01-27T13:43:07: 2026-01-27T13:43:10: 
> granto@1.0.0 start
> next start -p 3002

2026-01-27T13:43:13: 2026-01-27T13:43:13: 2026-01-27T13:43:16: 
> granto@1.0.0 start
> next start -p 3002

2026-01-27T13:43:19: 2026-01-27T13:43:19: 2026-01-27T13:43:23: 
> granto@1.0.0 start
> next start -p 3002

2026-01-27T13:43:26: 2026-01-27T13:43:26: 2026-01-27T13:43:29: 
> granto@1.0.0 start
> next start -p 3002

2026-01-27T13:43:32: 2026-01-27T13:43:32: 2026-01-27T13:43:35: 
> granto@1.0.0 start
> next start -p 3002

2026-01-27T13:43:38: 2026-01-27T13:43:38: 2026-01-27T13:43:41: 
> granto@1.0.0 start
> next start -p 3002

2026-01-27T13:43:44: 2026-01-27T13:43:44: 2026-01-27T13:43:47: 
> granto@1.0.0 start
> next start -p 3002

2026-01-27T13:43:50: 2026-01-27T13:43:50: 2026-01-27T13:43:53: 
> granto@1.0.0 start
> next start -p 3002

2026-01-27T13:43:56: 2026-01-27T13:43:56: 2026-01-27T13:43:59: 
> granto@1.0.0 start
> next start -p 3002

2026-01-27T13:44:02: 2026-01-27T13:44:02: 2026-01-27T13:44:05: 
> granto@1.0.0 start
> next start -p 3002

2026-01-27T13:44:08: 2026-01-27T13:44:08: 2026-01-27T13:44:11: 
> granto@1.0.0 start
> next start -p 3002

2026-01-27T13:44:15: 2026-01-27T13:44:15: 2026-01-27T13:44:18: 
> granto@1.0.0 start
> next start -p 3002

2026-01-27T13:44:21: 2026-01-27T13:44:21: 2026-01-27T13:44:24: 
> granto@1.0.0 start
> next start -p 3002

2026-01-27T13:44:27: 2026-01-27T13:44:27: 2026-01-27T13:44:30: 
> granto@1.0.0 start
> next start -p 3002

2026-01-27T13:44:33: 2026-01-27T13:44:33: 2026-01-27T13:44:36: 
> granto@1.0.0 start
> next start -p 3002

2026-01-27T13:44:39: 2026-01-27T13:44:39: 2026-01-27T13:44:42: 
> granto@1.0.0 start
> next start -p 3002

2026-01-27T13:44:45: 2026-01-27T13:44:45: 2026-01-27T13:44:48: 
> granto@1.0.0 start
> next start -p 3002

2026-01-27T13:44:52: 2026-01-27T13:44:52: 2026-01-27T13:44:55: 
> granto@1.0.0 start
> next start -p 3002

2026-01-27T13:44:58: 2026-01-27T13:44:58: 2026-01-27T13:45:01: 
> granto@1.0.0 start
> next start -p 3002

2026-01-27T13:45:04: 2026-01-27T13:45:04: 2026-01-27T13:45:07: 
> granto@1.0.0 start
> next start -p 3002

2026-01-27T13:45:10: 2026-01-27T13:45:10: 2026-01-27T13:45:13: 
> granto@1.0.0 start
> next start -p 3002

2026-01-27T13:45:16: 2026-01-27T13:45:16: 2026-01-27T13:45:19: 
> granto@1.0.0 start
> next start -p 3002

2026-01-27T13:45:22: 2026-01-27T13:45:22: 2026-01-27T13:45:25: 
> granto@1.0.0 start
> next start -p 3002

2026-01-27T13:45:28: 2026-01-27T13:45:28: 2026-01-27T13:45:31: 
> granto@1.0.0 start
> next start -p 3002

2026-01-27T13:45:34: 2026-01-27T13:45:34: 2026-01-27T13:45:38: 
> granto@1.0.0 start
> next start -p 3002

2026-01-27T13:45:41: 2026-01-27T13:45:41: 2026-01-27T13:45:44: 
> granto@1.0.0 start
> next start -p 3002

2026-01-27T13:45:47: 2026-01-27T13:45:47: 2026-01-27T13:45:50: 
> granto@1.0.0 start
> next start -p 3002

2026-01-27T13:45:53: 2026-01-27T13:45:53: 2026-01-27T13:45:56: 
> granto@1.0.0 start
> next start -p 3002

2026-01-27T13:45:59: 2026-01-27T13:45:59: 2026-01-27T13:46:02: 
> granto@1.0.0 start
> next start -p 3002

2026-01-27T13:46:05: 2026-01-27T13:46:05: 2026-01-27T13:46:08: 
> granto@1.0.0 start
> next start -p 3002

2026-01-27T13:46:11: 2026-01-27T13:46:11: 2026-01-27T13:46:14: 
> granto@1.0.0 start
> next start -p 3002

2026-01-27T13:46:17: 2026-01-27T13:46:17: 2026-01-27T13:46:21: 
> granto@1.0.0 start
> next start -p 3002

2026-01-27T13:46:24: 2026-01-27T13:46:24: 2026-01-27T13:46:27: 
> granto@1.0.0 start
> next start -p 3002

2026-01-27T13:46:30: 2026-01-27T13:46:30: 2026-01-27T13:46:33: 
> granto@1.0.0 start
> next start -p 3002

2026-01-27T13:46:36: 2026-01-27T13:46:36: 2026-01-27T13:46:39: 
> granto@1.0.0 start
> next start -p 3002

2026-01-27T13:46:42: 2026-01-27T13:46:42: 2026-01-27T13:46:45: 
> granto@1.0.0 start
> next start -p 3002

2026-01-27T13:46:48: 2026-01-27T13:46:48: 2026-01-27T13:46:51: 
> granto@1.0.0 start
> next start -p 3002

2026-01-27T13:46:54: 2026-01-27T13:46:54: 2026-01-27T13:46:57: 
> granto@1.0.0 start
> next start -p 3002

2026-01-27T13:47:01: 2026-01-27T13:47:01: 2026-01-27T13:47:04: 
> granto@1.0.0 start
> next start -p 3002

2026-01-27T13:47:07: 2026-01-27T13:47:07: 2026-01-27T13:47:10: 
> granto@1.0.0 start
> next start -p 3002

2026-01-27T13:47:13: 2026-01-27T13:47:13: 2026-01-27T13:47:16: 
> granto@1.0.0 start
> next start -p 3002

2026-01-27T13:47:19: 2026-01-27T13:47:19: 2026-01-27T13:47:22: 
> granto@1.0.0 start
> next start -p 3002

2026-01-27T13:47:25: 2026-01-27T13:47:25: 2026-01-27T13:47:28: 
> granto@1.0.0 start
> next start -p 3002

2026-01-27T13:47:31: 2026-01-27T13:47:31: 2026-01-27T13:47:34: 
> granto@1.0.0 start
> next start -p 3002

2026-01-27T13:47:37: 2026-01-27T13:47:37: 2026-01-27T13:47:40: 
> granto@1.0.0 start
> next start -p 3002

2026-01-27T13:47:43: 2026-01-27T13:47:43: 2026-01-27T13:47:46: 
> granto@1.0.0 start
> next start -p 3002

2026-01-27T13:47:49: 2026-01-27T13:47:49: 2026-01-27T13:47:53: 
> granto@1.0.0 start
> next start -p 3002

2026-01-27T13:47:56: 2026-01-27T13:47:56: 2026-01-27T13:47:59: 
> granto@1.0.0 start
> next start -p 3002

2026-01-27T13:48:02: 2026-01-27T13:48:02: 2026-01-27T13:48:05: 
> granto@1.0.0 start
> next start -p 3002

2026-01-27T13:48:08: 2026-01-27T13:48:08: 2026-01-27T13:48:11: 
> granto@1.0.0 start
> next start -p 3002

2026-01-27T13:48:14: 2026-01-27T13:48:14: 2026-01-27T13:48:17: 
> granto@1.0.0 start
> next start -p 3002

2026-01-27T13:48:20: 2026-01-27T13:48:20: 2026-01-27T13:48:23: 
> granto@1.0.0 start
> next start -p 3002

2026-01-27T13:48:26: 2026-01-27T13:48:26: 2026-01-27T13:48:30: 
> granto@1.0.0 start
> next start -p 3002

2026-01-27T13:48:33: 2026-01-27T13:48:33: 2026-01-27T13:48:36: 
> granto@1.0.0 start
> next start -p 3002

2026-01-27T13:48:39: 2026-01-27T13:48:39: 2026-01-27T13:48:42: 
> granto@1.0.0 start
> next start -p 3002

2026-01-27T13:48:45: 2026-01-27T13:48:45: 2026-01-27T13:48:48: 
> granto@1.0.0 start
> next start -p 3002

2026-01-27T13:48:51: 2026-01-27T13:48:51: 2026-01-27T13:48:54: 
> granto@1.0.0 start
> next start -p 3002

2026-01-27T13:48:57: 2026-01-27T13:48:57: 2026-01-27T13:49:00: 
> granto@1.0.0 start
> next start -p 3002

2026-01-27T13:49:03: 2026-01-27T13:49:03: 2026-01-27T13:49:06: 
> granto@1.0.0 start
> next start -p 3002

2026-01-27T13:49:09: 2026-01-27T13:49:09: 2026-01-27T13:49:12: 
> granto@1.0.0 start
> next start -p 3002

2026-01-27T13:49:16: 2026-01-27T13:49:16: 2026-01-27T13:49:19: 
> granto@1.0.0 start
> next start -p 3002

2026-01-27T13:49:22: 2026-01-27T13:49:22: 2026-01-27T13:49:25: 
> granto@1.0.0 start
> next start -p 3002

2026-01-27T13:49:28: 2026-01-27T13:49:28: 2026-01-27T13:49:31: 
> granto@1.0.0 start
> next start -p 3002

2026-01-27T13:49:34: 2026-01-27T13:49:34: 2026-01-27T13:49:37: 
> granto@1.0.0 start
> next start -p 3002

2026-01-27T13:49:40: 2026-01-27T13:49:40: 2026-01-27T13:49:43: 
> granto@1.0.0 start
> next start -p 3002

2026-01-27T13:49:46: 2026-01-27T13:49:46: 2026-01-27T13:49:49: 
> granto@1.0.0 start
> next start -p 3002

2026-01-27T13:49:52: 2026-01-27T13:49:52: 2026-01-27T13:49:56: 
> granto@1.0.0 start
> next start -p 3002

2026-01-27T13:49:59: 2026-01-27T13:49:59: 2026-01-27T13:50:02: 
> granto@1.0.0 start
> next start -p 3002

2026-01-27T13:50:05: 2026-01-27T13:50:05: 2026-01-27T13:50:08: 
> granto@1.0.0 start
> next start -p 3002

2026-01-27T13:50:11: 2026-01-27T13:50:11: 2026-01-27T13:50:14: 
> granto@1.0.0 start
> next start -p 3002

2026-01-27T13:50:17: 2026-01-27T13:50:17: 2026-01-27T13:50:20: 
> granto@1.0.0 start
> next start -p 3002

2026-01-27T13:50:23: 2026-01-27T13:50:23: 2026-01-27T13:50:26: 
> granto@1.0.0 start
> next start -p 3002

2026-01-27T13:50:29: 2026-01-27T13:50:29: 2026-01-27T13:50:32: 
> granto@1.0.0 start
> next start -p 3002

2026-01-27T13:50:35: 2026-01-27T13:50:35: 2026-01-27T13:50:38: 
> granto@1.0.0 start
> next start -p 3002

2026-01-27T13:50:42: 2026-01-27T13:50:42: 2026-01-27T13:50:45: 
> granto@1.0.0 start
> next start -p 3002

2026-01-27T13:50:48: 2026-01-27T13:50:48: 2026-01-27T13:50:51: 
> granto@1.0.0 start
> next start -p 3002

2026-01-27T13:50:54: 2026-01-27T13:50:54: 2026-01-27T13:50:57: 
> granto@1.0.0 start
> next start -p 3002

2026-01-27T13:51:00: 2026-01-27T13:51:00: 2026-01-27T13:51:03: 
> granto@1.0.0 start
> next start -p 3002

2026-01-27T13:51:06: 2026-01-27T13:51:06: 2026-01-27T13:51:09: 
> granto@1.0.0 start
> next start -p 3002

2026-01-27T13:51:12: 2026-01-27T13:51:12: 2026-01-27T13:51:15: 
> granto@1.0.0 start
> next start -p 3002

2026-01-27T13:51:18: 2026-01-27T13:51:18: 2026-01-27T13:51:21: 
> granto@1.0.0 start
> next start -p 3002

2026-01-27T13:51:24: 2026-01-27T13:51:24: 2026-01-27T13:51:28: 
> granto@1.0.0 start
> next start -p 3002

2026-01-27T13:51:31: 2026-01-27T13:51:31: 2026-01-27T13:51:34: 
> granto@1.0.0 start
> next start -p 3002

2026-01-27T13:51:37: 2026-01-27T13:51:37: 2026-01-27T13:51:40: 
> granto@1.0.0 start
> next start -p 3002

2026-01-27T13:51:43: 2026-01-27T13:51:43: 2026-01-27T13:51:46: 
> granto@1.0.0 start
> next start -p 3002

2026-01-27T13:51:49: 2026-01-27T13:51:49: 2026-01-27T13:51:52: 
> granto@1.0.0 start
> next start -p 3002

2026-01-27T13:51:55: 2026-01-27T13:51:55: 2026-01-27T13:51:58: 
> granto@1.0.0 start
> next start -p 3002

2026-01-27T13:52:01: 2026-01-27T13:52:01: 2026-01-27T13:52:04: 
> granto@1.0.0 start
> next start -p 3002

2026-01-27T13:52:07: 2026-01-27T13:52:07: 2026-01-27T13:52:11: 
> granto@1.0.0 start
> next start -p 3002

2026-01-27T13:52:14: 2026-01-27T13:52:14: 2026-01-27T13:52:17: 
> granto@1.0.0 start
> next start -p 3002

2026-01-27T13:52:20: 2026-01-27T13:52:20: 2026-01-27T13:52:23: 
> granto@1.0.0 start
> next start -p 3002

2026-01-27T13:52:26: 2026-01-27T13:52:26: 2026-01-27T13:52:29: 
> granto@1.0.0 start
> next start -p 3002

2026-01-27T13:52:32: 2026-01-27T13:52:32: 2026-01-27T13:52:35: 
> granto@1.0.0 start
> next start -p 3002

2026-01-27T13:52:38: 2026-01-27T13:52:38: 2026-01-27T13:52:41: 
> granto@1.0.0 start
> next start -p 3002

2026-01-27T13:52:44: 2026-01-27T13:52:44: 2026-01-27T13:52:48: 
> granto@1.0.0 start
> next start -p 3002

2026-01-27T13:52:51: 2026-01-27T13:52:51: 2026-01-27T13:52:54: 
> granto@1.0.0 start
> next start -p 3002

2026-01-27T13:52:57: 2026-01-27T13:52:57: 2026-01-27T13:53:00: 
> granto@1.0.0 start
> next start -p 3002

2026-01-27T13:53:03: 2026-01-27T13:53:03: 2026-01-27T13:53:06: 
> granto@1.0.0 start
> next start -p 3002

2026-01-27T13:53:09: 2026-01-27T13:53:09: 2026-01-27T13:53:12: 
> granto@1.0.0 start
> next start -p 3002

2026-01-27T13:53:15: 2026-01-27T13:53:15: 2026-01-27T13:53:18: 
> granto@1.0.0 start
> next start -p 3002

2026-01-27T13:53:21: 2026-01-27T13:53:21: 2026-01-27T13:53:24: 
> granto@1.0.0 start
> next start -p 3002

2026-01-27T13:53:27: 2026-01-27T13:53:27: 2026-01-27T13:53:31: 
> granto@1.0.0 start
> next start -p 3002

2026-01-27T13:53:34: 2026-01-27T13:53:34: 2026-01-27T13:53:37: 
> granto@1.0.0 start
> next start -p 3002

2026-01-27T13:53:40: 2026-01-27T13:53:40: 2026-01-27T13:53:43: 
> granto@1.0.0 start
> next start -p 3002

2026-01-27T13:53:46: 2026-01-27T13:53:46: 2026-01-27T13:53:49: 
> granto@1.0.0 start
> next start -p 3002

2026-01-27T13:53:52: 2026-01-27T13:53:52: 2026-01-27T13:53:55: 
> granto@1.0.0 start
> next start -p 3002

2026-01-27T13:53:58: 2026-01-27T13:53:58: 2026-01-27T13:54:01: 
> granto@1.0.0 start
> next start -p 3002

2026-01-27T13:54:04: 2026-01-27T13:54:04: 2026-01-27T13:54:07: 
> granto@1.0.0 start
> next start -p 3002

2026-01-27T13:54:10: 2026-01-27T13:54:10: 2026-01-27T13:54:13: 
> granto@1.0.0 start
> next start -p 3002

2026-01-27T13:54:17: 2026-01-27T13:54:17: 2026-01-27T13:54:20: 
> granto@1.0.0 start
> next start -p 3002

2026-01-27T13:54:23: 2026-01-27T13:54:23: 2026-01-27T13:54:26: 
> granto@1.0.0 start
> next start -p 3002

2026-01-27T13:54:29: 2026-01-27T13:54:29: 2026-01-27T13:54:32: 
> granto@1.0.0 start
> next start -p 3002

2026-01-27T13:54:35: 2026-01-27T13:54:35: 2026-01-27T13:54:38: 
> granto@1.0.0 start
> next start -p 3002

2026-01-27T13:54:41: 2026-01-27T13:54:41: 2026-01-27T13:54:45: 
> granto@1.0.0 start
> next start -p 3002

2026-01-27T13:54:48: 2026-01-27T13:54:48: 2026-01-27T13:54:51: 
> granto@1.0.0 start
> next start -p 3002

2026-01-27T13:54:54: 2026-01-27T13:54:54: 2026-01-27T13:54:57: 
> granto@1.0.0 start
> next start -p 3002

2026-01-27T13:55:00: 2026-01-27T13:55:00: 2026-01-27T13:55:03: 
> granto@1.0.0 start
> next start -p 3002

2026-01-27T13:55:06: 2026-01-27T13:55:06: 2026-01-27T13:55:09: 
> granto@1.0.0 start
> next start -p 3002

2026-01-27T13:55:12: 2026-01-27T13:55:12: 2026-01-27T13:55:15: 
> granto@1.0.0 start
> next start -p 3002

2026-01-27T13:55:18: 2026-01-27T13:55:18: 2026-01-27T13:55:21: 
> granto@1.0.0 start
> next start -p 3002

2026-01-27T13:55:24: 2026-01-27T13:55:24: 2026-01-27T13:55:28: 
> granto@1.0.0 start
> next start -p 3002

2026-01-27T13:55:31: 2026-01-27T13:55:34: 
> granto@1.0.0 start
> next start -p 3002

2026-01-27T13:55:37: 2026-01-27T13:55:37: 2026-01-27T13:55:40: 
> granto@1.0.0 start
> next start -p 3002

2026-01-27T13:55:43: 2026-01-27T13:55:43: 2026-01-27T13:55:46: 
> granto@1.0.0 start
> next start -p 3002

2026-01-27T13:55:49: 2026-01-27T13:55:49: 2026-01-27T13:55:52: 
> granto@1.0.0 start
> next start -p 3002

2026-01-27T13:55:55: 2026-01-27T13:55:55: 2026-01-27T13:55:58: 
> granto@1.0.0 start
> next start -p 3002

2026-01-27T13:56:01: 2026-01-27T13:56:01: 2026-01-27T13:56:04: 
> granto@1.0.0 start
> next start -p 3002

2026-01-27T13:56:07: 2026-01-27T13:56:07: 2026-01-27T13:56:10: 
> granto@1.0.0 start
> next start -p 3002

2026-01-27T13:56:13: 2026-01-27T13:56:13: 2026-01-27T13:56:16: 
> granto@1.0.0 start
> next start -p 3002

2026-01-27T13:56:19: 2026-01-27T13:56:19: 2026-01-27T13:56:23: 
> granto@1.0.0 start
> next start -p 3002

2026-01-27T13:56:26: 2026-01-27T13:56:26: 2026-01-27T13:56:29: 
> granto@1.0.0 start
> next start -p 3002

2026-01-27T13:56:32: 2026-01-27T13:56:32: 2026-01-27T13:56:35: 
> granto@1.0.0 start
> next start -p 3002

2026-01-27T13:56:38: 2026-01-27T13:56:38: 2026-01-27T13:56:41: 
> granto@1.0.0 start
> next start -p 3002

2026-01-27T13:56:44: 2026-01-27T13:56:44: 2026-01-27T13:56:47: 
> granto@1.0.0 start
> next start -p 3002

2026-01-27T13:56:50: 2026-01-27T13:56:50: 2026-01-27T13:56:53: 
> granto@1.0.0 start
> next start -p 3002

2026-01-27T13:56:56: 2026-01-27T13:56:56: 2026-01-27T13:56:59: 
> granto@1.0.0 start
> next start -p 3002

2026-01-27T13:57:02: 2026-01-27T13:57:02: 2026-01-27T13:57:06: 
> granto@1.0.0 start
> next start -p 3002

2026-01-27T13:57:09: 2026-01-27T13:57:09: 2026-01-27T13:57:12: 
> granto@1.0.0 start
> next start -p 3002

2026-01-27T13:57:15: 2026-01-27T13:57:15: 2026-01-27T13:57:18: 
> granto@1.0.0 start
> next start -p 3002

2026-01-27T13:57:21: 2026-01-27T13:57:21: 2026-01-27T13:57:24: 
> granto@1.0.0 start
> next start -p 3002

2026-01-27T13:57:27: 2026-01-27T13:57:27: 2026-01-27T13:57:30: 
> granto@1.0.0 start
> next start -p 3002

2026-01-27T13:57:33: 2026-01-27T13:57:33: 2026-01-27T13:57:36: 
> granto@1.0.0 start
> next start -p 3002

2026-01-27T13:57:39: 2026-01-27T13:57:39: 2026-01-27T13:57:42: 
> granto@1.0.0 start
> next start -p 3002

2026-01-27T13:57:45: 2026-01-27T13:57:45: 2026-01-27T13:57:48: 
> granto@1.0.0 start
> next start -p 3002

2026-01-27T13:57:51: 2026-01-27T13:57:51: 2026-01-27T13:57:55: 
> granto@1.0.0 start
> next start -p 3002

2026-01-27T13:57:58: 2026-01-27T13:57:58: 2026-01-27T13:58:01: 
> granto@1.0.0 start
> next start -p 3002

2026-01-27T13:58:04: 2026-01-27T13:58:04: 2026-01-27T13:58:07: 
> granto@1.0.0 start
> next start -p 3002

2026-01-27T13:58:10: 2026-01-27T13:58:10: 2026-01-27T13:58:13: 
> granto@1.0.0 start
> next start -p 3002

2026-01-27T13:58:16: 2026-01-27T13:58:16: 2026-01-27T13:58:19: 
> granto@1.0.0 start
> next start -p 3002

2026-01-27T13:58:22: 2026-01-27T13:58:22: 2026-01-27T13:58:25: 
> granto@1.0.0 start
> next start -p 3002

2026-01-27T13:58:29: 2026-01-27T13:58:29: 2026-01-27T13:58:32: 
> granto@1.0.0 start
> next start -p 3002

2026-01-27T13:58:35: 2026-01-27T13:58:35: 2026-01-27T13:58:38: 
> granto@1.0.0 start
> next start -p 3002

2026-01-27T13:58:41: 2026-01-27T13:58:41: 2026-01-27T13:58:44: 
> granto@1.0.0 start
> next start -p 3002

2026-01-27T13:58:47: 2026-01-27T13:58:47: 2026-01-27T13:58:50: 
> granto@1.0.0 start
> next start -p 3002

2026-01-27T13:58:53: 2026-01-27T13:58:53: 2026-01-27T13:58:56: 
> granto@1.0.0 start
> next start -p 3002

2026-01-27T13:58:59: 2026-01-27T13:58:59: 2026-01-27T13:59:02: 
> granto@1.0.0 start
> next start -p 3002

2026-01-27T13:59:05: 2026-01-27T13:59:05: 2026-01-27T13:59:08: 
> granto@1.0.0 start
> next start -p 3002

2026-01-27T13:59:11: 2026-01-27T13:59:11: 2026-01-27T13:59:14: 
> granto@1.0.0 start
> next start -p 3002

2026-01-27T13:59:18: 2026-01-27T13:59:18: 2026-01-27T13:59:21: 
> granto@1.0.0 start
> next start -p 3002

2026-01-27T13:59:24: 2026-01-27T13:59:24: 2026-01-27T13:59:27: 
> granto@1.0.0 start
> next start -p 3002

2026-01-27T13:59:30: 2026-01-27T13:59:30: 2026-01-27T13:59:33: 
> granto@1.0.0 start
> next start -p 3002

2026-01-27T13:59:36: 2026-01-27T13:59:36: 2026-01-27T13:59:39: 
> granto@1.0.0 start
> next start -p 3002

2026-01-27T13:59:42: 2026-01-27T13:59:42: 2026-01-27T13:59:45: 
> granto@1.0.0 start
> next start -p 3002

2026-01-27T13:59:48: 2026-01-27T13:59:48: 2026-01-27T13:59:51: 
> granto@1.0.0 start
> next start -p 3002

2026-01-27T13:59:54: 2026-01-27T13:59:54: 2026-01-27T13:59:58: 
> granto@1.0.0 start
> next start -p 3002

2026-01-27T14:00:01: 2026-01-27T14:00:01: 2026-01-27T14:00:04: 
> granto@1.0.0 start
> next start -p 3002

2026-01-27T14:00:07: 2026-01-27T14:00:10: 
> granto@1.0.0 start
> next start -p 3002

2026-01-27T14:00:13: 2026-01-27T14:00:13: 2026-01-27T14:00:16: 
> granto@1.0.0 start
> next start -p 3002

2026-01-27T14:00:19: 2026-01-27T14:00:19: 2026-01-27T14:00:22: 
> granto@1.0.0 start
> next start -p 3002

2026-01-27T14:00:25: 2026-01-27T14:00:25: 2026-01-27T14:00:28: 
> granto@1.0.0 start
> next start -p 3002

2026-01-27T14:00:31: 2026-01-27T14:00:31: 2026-01-27T14:00:34: 
> granto@1.0.0 start
> next start -p 3002

2026-01-27T14:00:37: 2026-01-27T14:00:37: 2026-01-27T14:00:41: 
> granto@1.0.0 start
> next start -p 3002

2026-01-27T14:00:44: 2026-01-27T14:00:44: 2026-01-27T14:00:47: 
> granto@1.0.0 start
> next start -p 3002

2026-01-27T14:00:50: 2026-01-27T14:00:50: 2026-01-27T14:00:53: 
> granto@1.0.0 start
> next start -p 3002

2026-01-27T14:00:56: 2026-01-27T14:00:56: 2026-01-27T14:00:59: 
> granto@1.0.0 start
> next start -p 3002

2026-01-27T14:01:02: 2026-01-27T14:01:02: 2026-01-27T14:01:05: 
> granto@1.0.0 start
> next start -p 3002

2026-01-27T14:01:08: 2026-01-27T14:01:08: 2026-01-27T14:01:11: 
> granto@1.0.0 start
> next start -p 3002

2026-01-27T14:01:14: 2026-01-27T14:01:14: 2026-01-27T14:01:17: 
> granto@1.0.0 start
> next start -p 3002

2026-01-27T14:01:20: 2026-01-27T14:01:20: 2026-01-27T14:01:23: 
> granto@1.0.0 start
> next start -p 3002

2026-01-27T14:01:26: 2026-01-27T14:01:26: 2026-01-27T14:01:30: 
> granto@1.0.0 start
> next start -p 3002

2026-01-27T14:01:33: 2026-01-27T14:01:33: 2026-01-27T14:01:36: 
> granto@1.0.0 start
> next start -p 3002

2026-01-27T14:01:39: 2026-01-27T14:01:39: 2026-01-27T14:01:42: 
> granto@1.0.0 start
> next start -p 3002

2026-01-27T14:01:45: 2026-01-27T14:01:45: 2026-01-27T14:01:49: 
> granto@1.0.0 start
> next start -p 3002

2026-01-27T14:01:53: 2026-01-27T14:01:53: 2026-01-27T14:01:57: 
> granto@1.0.0 start
> next start -p 3002

2026-01-27T14:02:01: 2026-01-27T14:02:01: 2026-01-27T14:02:05: 
> granto@1.0.0 start
> next start -p 3002

2026-01-27T14:02:08: 2026-01-27T14:02:08: 2026-01-27T14:02:12: 
> granto@1.0.0 start
> next start -p 3002

2026-01-27T14:02:16: 2026-01-27T14:02:16: 2026-01-27T14:02:20: 
> granto@1.0.0 start
> next start -p 3002

2026-01-27T14:02:24: 2026-01-27T14:02:24: 2026-01-27T14:02:28: 
> granto@1.0.0 start
> next start -p 3002

2026-01-27T14:02:32: 2026-01-27T14:02:32: 2026-01-27T14:02:36: 
> granto@1.0.0 start
> next start -p 3002

2026-01-27T14:02:40: 2026-01-27T14:02:40: 2026-01-27T14:02:44: 
> granto@1.0.0 start
> next start -p 3002

2026-01-27T14:02:47: 2026-01-27T14:02:47: 2026-01-27T14:02:52: 
> granto@1.0.0 start
> next start -p 3002

2026-01-27T14:02:55: 2026-01-27T14:02:55: 2026-01-27T14:02:59: 
> granto@1.0.0 start
> next start -p 3002

2026-01-27T14:03:02: 2026-01-27T14:03:02: 2026-01-27T14:03:05: 
> granto@1.0.0 start
> next start -p 3002

2026-01-27T14:03:08: 2026-01-27T14:03:08: 2026-01-27T14:03:11: 
> granto@1.0.0 start
> next start -p 3002

2026-01-27T14:03:14: 2026-01-27T14:03:14: 2026-01-27T14:03:17: 
> granto@1.0.0 start
> next start -p 3002

2026-01-27T14:03:20: 2026-01-27T14:03:20: 2026-01-27T14:03:24: 
> granto@1.0.0 start
> next start -p 3002

2026-01-27T14:03:27: 2026-01-27T14:03:27: 2026-01-27T14:03:32: 
> granto@1.0.0 start
> next start -p 3002

2026-01-27T14:03:35: 2026-01-27T14:03:35: 2026-01-27T14:03:39: 
> granto@1.0.0 start
> next start -p 3002

2026-01-27T14:03:43: 2026-01-27T14:03:43: 2026-01-27T14:03:47: 
> granto@1.0.0 start
> next start -p 3002

2026-01-27T14:03:51: 2026-01-27T14:03:51: 2026-01-27T14:03:55: 
> granto@1.0.0 start
> next start -p 3002

2026-01-27T14:03:58: 2026-01-27T14:03:58: 2026-01-27T14:04:02: 
> granto@1.0.0 start
> next start -p 3002

2026-01-27T14:04:06: 2026-01-27T14:04:06: 2026-01-27T14:04:10: 
> granto@1.0.0 start
> next start -p 3002

2026-01-27T14:04:14: 2026-01-27T14:04:14: 2026-01-27T14:04:19: 
> granto@1.0.0 start
> next start -p 3002

2026-01-27T14:04:22: 2026-01-27T14:04:22: 2026-01-27T14:04:26: 
> granto@1.0.0 start
> next start -p 3002

2026-01-27T14:04:31: 2026-01-27T14:04:31: 2026-01-27T14:04:35: 
> granto@1.0.0 start
> next start -p 3002

2026-01-27T14:04:39: 2026-01-27T14:04:39: 2026-01-27T14:04:43: 
> granto@1.0.0 start
> next start -p 3002

2026-01-27T14:04:47: 2026-01-27T14:04:47: 2026-01-27T14:04:51: 
> granto@1.0.0 start
> next start -p 3002

2026-01-27T14:04:55: 2026-01-27T14:04:55: 2026-01-27T14:04:59: 
> granto@1.0.0 start
> next start -p 3002

2026-01-27T14:05:03: 2026-01-27T14:05:03: 2026-01-27T14:05:07: 
> granto@1.0.0 start
> next start -p 3002

2026-01-27T14:05:10: 2026-01-27T14:05:10: 2026-01-27T14:05:14: 
> granto@1.0.0 start
> next start -p 3002

2026-01-27T14:05:18: 2026-01-27T14:05:18: 2026-01-27T14:05:22: 
> granto@1.0.0 start
> next start -p 3002

2026-01-27T14:05:26: 2026-01-27T14:05:26: 2026-01-27T14:05:31: 
> granto@1.0.0 start
> next start -p 3002

2026-01-27T14:05:35: 2026-01-27T14:05:35: 2026-01-27T14:05:39: 
> granto@1.0.0 start
> next start -p 3002

2026-01-27T14:05:43: 2026-01-27T14:05:43: 2026-01-27T14:05:47: 
> granto@1.0.0 start
> next start -p 3002

2026-01-27T14:05:51: 2026-01-27T14:05:51: 2026-01-27T14:05:55: 
> granto@1.0.0 start
> next start -p 3002

2026-01-27T14:05:59: 2026-01-27T14:05:59: 2026-01-27T14:06:02: 
> granto@1.0.0 start
> next start -p 3002

2026-01-27T14:06:05: 2026-01-27T14:06:05: 2026-01-27T14:06:08: 
> granto@1.0.0 start
> next start -p 3002

2026-01-27T14:06:11: 2026-01-27T14:06:11: 2026-01-27T14:06:14: 
> granto@1.0.0 start
> next start -p 3002

2026-01-27T14:06:17: 2026-01-27T14:06:17: 2026-01-27T14:06:20: 
> granto@1.0.0 start
> next start -p 3002

2026-01-27T14:06:23: 2026-01-27T14:06:23: 2026-01-27T14:06:27: 
> granto@1.0.0 start
> next start -p 3002

2026-01-27T14:06:30: 2026-01-27T14:06:30: 2026-01-27T14:06:33: 
> granto@1.0.0 start
> next start -p 3002

2026-01-27T14:06:36: 2026-01-27T14:06:36: 2026-01-27T14:06:39: 
> granto@1.0.0 start
> next start -p 3002

2026-01-27T14:06:42: 2026-01-27T14:06:42: 2026-01-27T14:06:45: 
> granto@1.0.0 start
> next start -p 3002

2026-01-27T14:06:48: 2026-01-27T14:06:48: 2026-01-27T14:06:51: 
> granto@1.0.0 start
> next start -p 3002

2026-01-27T14:06:55: 2026-01-27T14:06:55: 2026-01-27T14:06:58: 
> granto@1.0.0 start
> next start -p 3002

2026-01-27T14:07:02: 2026-01-27T14:07:02: 2026-01-27T14:07:06: 
> granto@1.0.0 start
> next start -p 3002

2026-01-27T14:07:10: 2026-01-27T14:07:10: 2026-01-27T14:07:14: 
> granto@1.0.0 start
> next start -p 3002

2026-01-27T14:07:18: 2026-01-27T14:07:18: 2026-01-27T14:07:22: 
> granto@1.0.0 start
> next start -p 3002

2026-01-27T14:07:26: 2026-01-27T14:07:26: 2026-01-27T14:07:30: 
> granto@1.0.0 start
> next start -p 3002

2026-01-27T14:07:34: 2026-01-27T14:07:34: 2026-01-27T14:07:39: 
> granto@1.0.0 start
> next start -p 3002

2026-01-27T14:07:43: 2026-01-27T14:07:43: 2026-01-27T14:07:47: 
> granto@1.0.0 start
> next start -p 3002

2026-01-27T14:07:51: 2026-01-27T14:07:51: 2026-01-27T14:07:55: 
> granto@1.0.0 start
> next start -p 3002

2026-01-27T14:07:59: 2026-01-27T14:07:59: 2026-01-27T14:08:03: 
> granto@1.0.0 start
> next start -p 3002

2026-01-27T14:08:07: 2026-01-27T14:08:07: 2026-01-27T14:08:11: 
> granto@1.0.0 start
> next start -p 3002

2026-01-27T14:08:14: 2026-01-27T14:08:14: 2026-01-27T14:08:18: 
> granto@1.0.0 start
> next start -p 3002

2026-01-27T14:08:22: 2026-01-27T14:08:22: 2026-01-27T14:08:26: 
> granto@1.0.0 start
> next start -p 3002

2026-01-27T14:08:30: 2026-01-27T14:08:30: 2026-01-27T14:08:35: 
> granto@1.0.0 start
> next start -p 3002

2026-01-27T14:08:39: 2026-01-27T14:08:39: 2026-01-27T14:08:43: 
> granto@1.0.0 start
> next start -p 3002

2026-01-27T14:08:47: 2026-01-27T14:08:47: 2026-01-27T14:08:51: 
> granto@1.0.0 start
> next start -p 3002

2026-01-27T14:08:55: 2026-01-27T14:08:55: 2026-01-27T14:08:59: 
> granto@1.0.0 start
> next start -p 3002

2026-01-27T14:09:03: 2026-01-27T14:09:03: 2026-01-27T14:09:07: 
> granto@1.0.0 start
> next start -p 3002

2026-01-27T14:09:10: 2026-01-27T14:09:10: 2026-01-27T14:09:13: 
> granto@1.0.0 start
> next start -p 3002

2026-01-27T14:09:16: 2026-01-27T14:09:16: 2026-01-27T14:09:19: 
> granto@1.0.0 start
> next start -p 3002

2026-01-27T14:09:22: 2026-01-27T14:09:22: 2026-01-27T14:09:25: 
> granto@1.0.0 start
> next start -p 3002

2026-01-27T14:09:28: 2026-01-27T14:09:28: 2026-01-27T14:09:31: 
> granto@1.0.0 start
> next start -p 3002

2026-01-27T14:09:34: 2026-01-27T14:09:34: 2026-01-27T14:09:37: 
> granto@1.0.0 start
> next start -p 3002

2026-01-27T14:09:40: 2026-01-27T14:09:40: 2026-01-27T14:09:43: 
> granto@1.0.0 start
> next start -p 3002

2026-01-27T14:09:46: 2026-01-27T14:09:46: 2026-01-27T14:09:50: 
> granto@1.0.0 start
> next start -p 3002

2026-01-27T14:09:53: 2026-01-27T14:09:53: 2026-01-27T14:09:56: 
> granto@1.0.0 start
> next start -p 3002

2026-01-27T14:09:59: 2026-01-27T14:09:59: 2026-01-27T14:10:02: 
> granto@1.0.0 start
> next start -p 3002

2026-01-27T14:10:05: 2026-01-27T14:10:08: 
> granto@1.0.0 start
> next start -p 3002

2026-01-27T14:10:11: 2026-01-27T14:10:11: 2026-01-27T14:10:15: 
> granto@1.0.0 start
> next start -p 3002

2026-01-27T14:10:19: 2026-01-27T14:10:19: 2026-01-27T14:10:23: 
> granto@1.0.0 start
> next start -p 3002

2026-01-27T14:10:27: 2026-01-27T14:10:27: 2026-01-27T14:10:31: 
> granto@1.0.0 start
> next start -p 3002

2026-01-27T14:10:35: 2026-01-27T14:10:35: 2026-01-27T14:10:39: 
> granto@1.0.0 start
> next start -p 3002

2026-01-27T14:10:43: 2026-01-27T14:10:47: 
> granto@1.0.0 start
> next start -p 3002

2026-01-27T14:10:51: 2026-01-27T14:10:51: 2026-01-27T14:10:56: 
> granto@1.0.0 start
> next start -p 3002

2026-01-27T14:11:00: 2026-01-27T14:11:00: 2026-01-27T14:11:04: 
> granto@1.0.0 start
> next start -p 3002

2026-01-27T14:11:08: 2026-01-27T14:11:08: 2026-01-27T14:11:12: 
> granto@1.0.0 start
> next start -p 3002

2026-01-27T14:11:16: 2026-01-27T14:11:16: 2026-01-27T14:11:20: 
> granto@1.0.0 start
> next start -p 3002

2026-01-27T14:11:24: 2026-01-27T14:11:24: 2026-01-27T14:11:28: 
> granto@1.0.0 start
> next start -p 3002

2026-01-27T14:11:31: 2026-01-27T14:11:31: 2026-01-27T14:11:36: 
> granto@1.0.0 start
> next start -p 3002

2026-01-27T14:11:39: 2026-01-27T14:11:39: 2026-01-27T14:11:43: 
> granto@1.0.0 start
> next start -p 3002

2026-01-27T14:11:47: 2026-01-27T14:11:47: 2026-01-27T14:11:51: 
> granto@1.0.0 start
> next start -p 3002

2026-01-27T14:11:55: 2026-01-27T14:11:55: 2026-01-27T14:12:00: 
> granto@1.0.0 start
> next start -p 3002

2026-01-27T14:12:04: 2026-01-27T14:12:04: 2026-01-27T14:12:08: 
> granto@1.0.0 start
> next start -p 3002

2026-01-27T14:12:12: 2026-01-27T14:12:12: 2026-01-27T14:12:17: 
> granto@1.0.0 start
> next start -p 3002

2026-01-27T14:12:20: 2026-01-27T14:12:20: 2026-01-27T14:12:25: 
> granto@1.0.0 start
> next start -p 3002

2026-01-27T14:12:29: 2026-01-27T14:12:29: 2026-01-27T14:12:33: 
> granto@1.0.0 start
> next start -p 3002

2026-01-27T14:12:37: 2026-01-27T14:12:37: 2026-01-27T14:12:42: 
> granto@1.0.0 start
> next start -p 3002

2026-01-27T14:12:46: 2026-01-27T14:12:46: 2026-01-27T14:12:50: 
> granto@1.0.0 start
> next start -p 3002

2026-01-27T14:12:54: 2026-01-27T14:12:54: 2026-01-27T14:12:58: 
> granto@1.0.0 start
> next start -p 3002

2026-01-27T14:13:02: 2026-01-27T14:13:02: 2026-01-27T14:13:06: 
> granto@1.0.0 start
> next start -p 3002

2026-01-27T14:13:10: 2026-01-27T14:13:10: 2026-01-27T14:13:14: 
> granto@1.0.0 start
> next start -p 3002

2026-01-27T14:13:19: 2026-01-27T14:13:19: 2026-01-27T14:13:23: 
> granto@1.0.0 start
> next start -p 3002

2026-01-27T14:13:27: 2026-01-27T14:13:27: 2026-01-27T14:13:31: 
> granto@1.0.0 start
> next start -p 3002

2026-01-27T14:13:35: 2026-01-27T14:13:35: 2026-01-27T14:13:39: 
> granto@1.0.0 start
> next start -p 3002

2026-01-27T14:13:43: 2026-01-27T14:13:43: 2026-01-27T14:13:47: 
> granto@1.0.0 start
> next start -p 3002

2026-01-27T14:13:50: 2026-01-27T14:13:50: 2026-01-27T14:13:53: 
> granto@1.0.0 start
> next start -p 3002

2026-01-27T14:13:56: 2026-01-27T14:13:56: 2026-01-27T14:13:59: 
> granto@1.0.0 start
> next start -p 3002

2026-01-27T14:14:02: 2026-01-27T14:14:02: 2026-01-27T14:14:05: 
> granto@1.0.0 start
> next start -p 3002

2026-01-27T14:14:09: 2026-01-27T14:14:09: 2026-01-27T14:14:12: 
> granto@1.0.0 start
> next start -p 3002

2026-01-27T14:14:15: 2026-01-27T14:14:15: 2026-01-27T14:14:18: 
> granto@1.0.0 start
> next start -p 3002

2026-01-27T14:14:21: 2026-01-27T14:14:21: 2026-01-27T14:14:24: 
> granto@1.0.0 start
> next start -p 3002

2026-01-27T14:14:27: 2026-01-27T14:14:27: 2026-01-27T14:14:30: 
> granto@1.0.0 start
> next start -p 3002

2026-01-27T14:14:33: 2026-01-27T14:14:33: 2026-01-27T14:14:36: 
> granto@1.0.0 start
> next start -p 3002

2026-01-27T14:14:39: 2026-01-27T14:14:39: 2026-01-27T14:14:42: 
> granto@1.0.0 start
> next start -p 3002

2026-01-27T14:14:45: 2026-01-27T14:14:45: 2026-01-27T14:14:48: 
> granto@1.0.0 start
> next start -p 3002

2026-01-27T14:14:51: 2026-01-27T14:14:51: 2026-01-27T14:14:55: 
> granto@1.0.0 start
> next start -p 3002

2026-01-27T14:14:58: 2026-01-27T14:14:58: 2026-01-27T14:15:01: 
> granto@1.0.0 start
> next start -p 3002

2026-01-27T14:15:04: 2026-01-27T14:15:04: 2026-01-27T14:15:07: 
> granto@1.0.0 start
> next start -p 3002

2026-01-27T14:15:10: 2026-01-27T14:15:10: 2026-01-27T14:15:14: 
> granto@1.0.0 start
> next start -p 3002

2026-01-27T14:15:18: 2026-01-27T14:15:18: 2026-01-27T14:15:22: 
> granto@1.0.0 start
> next start -p 3002

2026-01-27T14:15:25: 2026-01-27T14:15:25: 2026-01-27T14:15:29: 
> granto@1.0.0 start
> next start -p 3002

2026-01-27T14:15:33: 2026-01-27T14:15:33: 2026-01-27T14:15:37: 
> granto@1.0.0 start
> next start -p 3002

2026-01-27T14:15:41: 2026-01-27T14:15:41: 2026-01-27T14:15:45: 
> granto@1.0.0 start
> next start -p 3002

2026-01-27T14:15:49: 2026-01-27T14:15:49: 2026-01-27T14:15:53: 
> granto@1.0.0 start
> next start -p 3002

2026-01-27T14:15:57: 2026-01-27T14:15:57: 2026-01-27T14:16:00: 
> granto@1.0.0 start
> next start -p 3002

2026-01-27T14:16:04: 2026-01-27T14:16:04: 2026-01-27T14:16:08: 
> granto@1.0.0 start
> next start -p 3002

2026-01-27T14:16:12: 2026-01-27T14:16:12: 2026-01-27T14:16:16: 
> granto@1.0.0 start
> next start -p 3002

2026-01-27T14:16:20: 2026-01-27T14:16:20: 2026-01-27T14:16:25: 
> granto@1.0.0 start
> next start -p 3002

2026-01-27T14:16:29: 2026-01-27T14:16:29: 2026-01-27T14:16:34: 
> granto@1.0.0 start
> next start -p 3002

2026-01-27T14:16:38: 2026-01-27T14:16:38: 2026-01-27T14:16:42: 
> granto@1.0.0 start
> next start -p 3002

2026-01-27T14:16:46: 2026-01-27T14:16:46: 2026-01-27T14:16:50: 
> granto@1.0.0 start
> next start -p 3002

2026-01-27T14:16:54: 2026-01-27T14:16:54: 2026-01-27T14:16:58: 
> granto@1.0.0 start
> next start -p 3002

2026-01-27T14:17:02: 2026-01-27T14:17:02: 2026-01-27T14:17:06: 
> granto@1.0.0 start
> next start -p 3002

2026-01-27T14:17:11: 2026-01-27T14:17:11: 2026-01-27T14:17:15: 
> granto@1.0.0 start
> next start -p 3002

2026-01-27T14:17:19: 2026-01-27T14:17:19: 2026-01-27T14:17:23: 
> granto@1.0.0 start
> next start -p 3002

2026-01-27T14:17:27: 2026-01-27T14:17:27: 2026-01-27T14:17:31: 
> granto@1.0.0 start
> next start -p 3002

2026-01-27T14:17:35: 2026-01-27T14:17:35: 2026-01-27T14:17:38: 
> granto@1.0.0 start
> next start -p 3002

2026-01-27T14:17:41: 2026-01-27T14:17:41: 2026-01-27T14:17:45: 
> granto@1.0.0 start
> next start -p 3002

2026-01-27T14:17:48: 2026-01-27T14:17:48: 2026-01-27T14:17:51: 
> granto@1.0.0 start
> next start -p 3002

2026-01-27T14:17:54: 2026-01-27T14:17:54: 2026-01-27T14:17:57: 
> granto@1.0.0 start
> next start -p 3002

2026-01-27T14:18:00: 2026-01-27T14:18:00: 2026-01-27T14:18:03: 
> granto@1.0.0 start
> next start -p 3002

2026-01-27T14:18:06: 2026-01-27T14:18:06: 2026-01-27T14:18:09: 
> granto@1.0.0 start
> next start -p 3002

2026-01-27T14:18:12: 2026-01-27T14:18:12: 2026-01-27T14:18:15: 
> granto@1.0.0 start
> next start -p 3002

2026-01-27T14:18:18: 2026-01-27T14:18:18: 2026-01-27T14:18:21: 
> granto@1.0.0 start
> next start -p 3002

2026-01-27T14:18:24: 2026-01-27T14:18:24: 2026-01-27T14:18:28: 
> granto@1.0.0 start
> next start -p 3002

2026-01-27T14:18:32: 2026-01-27T14:18:32: 2026-01-27T14:18:37: 
> granto@1.0.0 start
> next start -p 3002

2026-01-27T14:18:41: 2026-01-27T14:18:41: 2026-01-27T14:18:45: 
> granto@1.0.0 start
> next start -p 3002

2026-01-27T14:18:48: 2026-01-27T14:18:48: 2026-01-27T14:18:52: 
> granto@1.0.0 start
> next start -p 3002

2026-01-27T14:18:56: 2026-01-27T14:18:56: 2026-01-27T14:19:00: 
> granto@1.0.0 start
> next start -p 3002

2026-01-27T14:19:04: 2026-01-27T14:19:04: 2026-01-27T14:19:09: 
> granto@1.0.0 start
> next start -p 3002

2026-01-27T14:19:12: 2026-01-27T14:19:12: 2026-01-27T14:19:17: 
> granto@1.0.0 start
> next start -p 3002

2026-01-27T14:19:20: 2026-01-27T14:19:20: 2026-01-27T14:19:24: 
> granto@1.0.0 start
> next start -p 3002

2026-01-27T14:19:28: 2026-01-27T14:19:28: 2026-01-27T14:19:32: 
> granto@1.0.0 start
> next start -p 3002

2026-01-27T14:19:35: 2026-01-27T14:19:35: 2026-01-27T14:19:40: 
> granto@1.0.0 start
> next start -p 3002

2026-01-27T14:19:44: 2026-01-27T14:19:44: 2026-01-27T14:19:48: 
> granto@1.0.0 start
> next start -p 3002

2026-01-27T14:19:51: 2026-01-27T14:19:51: 2026-01-27T14:19:56: 
> granto@1.0.0 start
> next start -p 3002

2026-01-27T14:20:00: 2026-01-27T14:20:00: 2026-01-27T14:20:04: 
> granto@1.0.0 start
> next start -p 3002

2026-01-27T14:20:09: 2026-01-27T14:20:09: 2026-01-27T14:20:13: 
> granto@1.0.0 start
> next start -p 3002

2026-01-27T14:20:16: 2026-01-27T14:20:16: 2026-01-27T14:20:21: 
> granto@1.0.0 start
> next start -p 3002

2026-01-27T14:20:24: 2026-01-27T14:20:24: 2026-01-27T14:20:29: 
> granto@1.0.0 start
> next start -p 3002

2026-01-27T14:20:33: 2026-01-27T14:20:33: 2026-01-27T14:20:37: 
> granto@1.0.0 start
> next start -p 3002

2026-01-27T14:20:41: 2026-01-27T14:20:41: 2026-01-27T14:20:45: 
> granto@1.0.0 start
> next start -p 3002

2026-01-27T14:20:50: 2026-01-27T14:20:50: 2026-01-27T14:20:54: 
> granto@1.0.0 start
> next start -p 3002

2026-01-27T14:20:58: 2026-01-27T14:20:58: 2026-01-27T14:21:02: 
> granto@1.0.0 start
> next start -p 3002

2026-01-27T14:21:06: 2026-01-27T14:21:06: 2026-01-27T14:21:10: 
> granto@1.0.0 start
> next start -p 3002

2026-01-27T14:21:14: 2026-01-27T14:21:14: 2026-01-27T14:21:18: 
> granto@1.0.0 start
> next start -p 3002

2026-01-27T14:21:21: 2026-01-27T14:21:21: 2026-01-27T14:21:24: 
> granto@1.0.0 start
> next start -p 3002

2026-01-27T14:21:27: 2026-01-27T14:21:27: 2026-01-27T14:21:30: 
> granto@1.0.0 start
> next start -p 3002

2026-01-27T14:21:33: 2026-01-27T14:21:33: 2026-01-27T14:21:36: 
> granto@1.0.0 start
> next start -p 3002

2026-01-27T14:21:39: 2026-01-27T14:21:39: 2026-01-27T14:21:42: 
> granto@1.0.0 start
> next start -p 3002

2026-01-27T14:21:45: 2026-01-27T14:21:45: 2026-01-27T14:21:48: 
> granto@1.0.0 start
> next start -p 3002

2026-01-27T14:21:51: 2026-01-27T14:21:51: 2026-01-27T14:21:54: 
> granto@1.0.0 start
> next start -p 3002

2026-01-27T14:21:57: 2026-01-27T14:21:57: 2026-01-27T14:22:01: 
> granto@1.0.0 start
> next start -p 3002

2026-01-27T14:22:04: 2026-01-27T14:22:04: 2026-01-27T14:22:07: 
> granto@1.0.0 start
> next start -p 3002

2026-01-27T14:22:10: 2026-01-27T14:22:10: 2026-01-27T14:22:13: 
> granto@1.0.0 start
> next start -p 3002

2026-01-27T14:22:16: 2026-01-27T14:22:16: 2026-01-27T14:22:19: 
> granto@1.0.0 start
> next start -p 3002

2026-01-27T14:22:23: 2026-01-27T14:22:23: 2026-01-27T14:22:27: 
> granto@1.0.0 start
> next start -p 3002

2026-01-27T14:22:31: 2026-01-27T14:22:31: 2026-01-27T14:22:36: 
> granto@1.0.0 start
> next start -p 3002

2026-01-27T14:22:40: 2026-01-27T14:22:40: 2026-01-27T14:22:44: 
> granto@1.0.0 start
> next start -p 3002

2026-01-27T14:22:48: 2026-01-27T14:22:48: 2026-01-27T14:22:52: 
> granto@1.0.0 start
> next start -p 3002

2026-01-27T14:22:56: 2026-01-27T14:22:56: 2026-01-27T14:23:00: 
> granto@1.0.0 start
> next start -p 3002

2026-01-27T14:23:04: 2026-01-27T14:23:04: 2026-01-27T14:23:08: 
> granto@1.0.0 start
> next start -p 3002

2026-01-27T14:23:12: 2026-01-27T14:23:12: 2026-01-27T14:23:16: 
> granto@1.0.0 start
> next start -p 3002

2026-01-27T14:23:20: 2026-01-27T14:23:20: 2026-01-27T14:23:24: 
> granto@1.0.0 start
> next start -p 3002

2026-01-27T14:23:28: 2026-01-27T14:23:28: 2026-01-27T14:23:33: 
> granto@1.0.0 start
> next start -p 3002

2026-01-27T14:23:37: 2026-01-27T14:23:37: 2026-01-27T14:23:41: 
> granto@1.0.0 start
> next start -p 3002

2026-01-27T14:23:44: 2026-01-27T14:23:44: 2026-01-27T14:23:48: 
> granto@1.0.0 start
> next start -p 3002

2026-01-27T14:23:52: 2026-01-27T14:23:52: 2026-01-27T14:23:56: 
> granto@1.0.0 start
> next start -p 3002

2026-01-27T14:24:00: 2026-01-27T14:24:00: 2026-01-27T14:24:04: 
> granto@1.0.0 start
> next start -p 3002

2026-01-27T14:24:08: 2026-01-27T14:24:08: 2026-01-27T14:24:12: 
> granto@1.0.0 start
> next start -p 3002

2026-01-27T14:24:16: 2026-01-27T14:24:16: 2026-01-27T14:24:20: 
> granto@1.0.0 start
> next start -p 3002

2026-01-27T14:24:24: 2026-01-27T14:24:24: 2026-01-27T14:24:28: 
> granto@1.0.0 start
> next start -p 3002

2026-01-27T14:24:32: 2026-01-27T14:24:32: 2026-01-27T14:24:37: 
> granto@1.0.0 start
> next start -p 3002

2026-01-27T14:24:41: 2026-01-27T14:24:41: 2026-01-27T14:24:45: 
> granto@1.0.0 start
> next start -p 3002

2026-01-27T14:24:48: 2026-01-27T14:24:48: 2026-01-27T14:24:52: 
> granto@1.0.0 start
> next start -p 3002

2026-01-27T14:24:56: 2026-01-27T14:24:56: 2026-01-27T14:25:00: 
> granto@1.0.0 start
> next start -p 3002

2026-01-27T14:25:04: 2026-01-27T14:25:04: 2026-01-27T14:25:09: 
> granto@1.0.0 start
> next start -p 3002

2026-01-27T14:25:13: 2026-01-27T14:25:13: 2026-01-27T14:25:17: 
> granto@1.0.0 start
> next start -p 3002

2026-01-27T14:25:21: 2026-01-27T14:25:21: 2026-01-27T14:25:25: 
> granto@1.0.0 start
> next start -p 3002

2026-01-27T14:25:29: 2026-01-27T14:25:29: 2026-01-27T14:25:34: 
> granto@1.0.0 start
> next start -p 3002

2026-01-27T14:25:38: 2026-01-27T14:25:38: 2026-01-27T14:25:42: 
> granto@1.0.0 start
> next start -p 3002

2026-01-27T14:25:46: 2026-01-27T14:25:46: 2026-01-27T14:25:49: 
> granto@1.0.0 start
> next start -p 3002

2026-01-27T14:25:52: 2026-01-27T14:25:52: 2026-01-27T14:25:55: 
> granto@1.0.0 start
> next start -p 3002

2026-01-27T14:25:59: 2026-01-27T14:25:59: 2026-01-27T14:26:02: 
> granto@1.0.0 start
> next start -p 3002

2026-01-27T14:26:05: 2026-01-27T14:26:05: 2026-01-27T14:26:08: 
> granto@1.0.0 start
> next start -p 3002

2026-01-27T14:26:11: 2026-01-27T14:26:11: 2026-01-27T14:26:14: 
> granto@1.0.0 start
> next start -p 3002

2026-01-27T14:26:17: 2026-01-27T14:26:17: 2026-01-27T14:26:20: 
> granto@1.0.0 start
> next start -p 3002

2026-01-27T14:26:23: 2026-01-27T14:26:23: 2026-01-27T14:26:26: 
> granto@1.0.0 start
> next start -p 3002

2026-01-27T14:26:29: 2026-01-27T14:26:29: 2026-01-27T14:26:32: 
> granto@1.0.0 start
> next start -p 3002

2026-01-27T14:26:35: 2026-01-27T14:26:35: 2026-01-27T14:26:38: 
> granto@1.0.0 start
> next start -p 3002

2026-01-27T14:26:42: 2026-01-27T14:26:42: 2026-01-27T14:26:45: 
> granto@1.0.0 start
> next start -p 3002

2026-01-27T14:26:48: 2026-01-27T14:26:48: 2026-01-27T14:26:51: 
> granto@1.0.0 start
> next start -p 3002

2026-01-27T14:26:54: 2026-01-27T14:26:54: 2026-01-27T14:26:57: 
> granto@1.0.0 start
> next start -p 3002

2026-01-27T14:27:00: 2026-01-27T14:27:00: 2026-01-27T14:27:03: 
> granto@1.0.0 start
> next start -p 3002

2026-01-27T14:27:06: 2026-01-27T14:27:06: 2026-01-27T14:27:09: 
> granto@1.0.0 start
> next start -p 3002

2026-01-27T14:27:12: 2026-01-27T14:27:12: 2026-01-27T14:27:15: 
> granto@1.0.0 start
> next start -p 3002

2026-01-27T14:27:18: 2026-01-27T14:27:18: 2026-01-27T14:27:21: 
> granto@1.0.0 start
> next start -p 3002

2026-01-27T14:27:24: 2026-01-27T14:27:24: 2026-01-27T14:27:28: 
> granto@1.0.0 start
> next start -p 3002

2026-01-27T14:27:31: 2026-01-27T14:27:31: 2026-01-27T14:27:34: 
> granto@1.0.0 start
> next start -p 3002

2026-01-27T14:27:37: 2026-01-27T14:27:37: 2026-01-27T14:27:40: 
> granto@1.0.0 start
> next start -p 3002

2026-01-27T14:27:43: 2026-01-27T14:27:43: 2026-01-27T14:27:46: 
> granto@1.0.0 start
> next start -p 3002

2026-01-27T14:27:49: 2026-01-27T14:27:49: 2026-01-27T14:27:52: 
> granto@1.0.0 start
> next start -p 3002

2026-01-27T14:27:55: 2026-01-27T14:27:55: 2026-01-27T14:27:58: 
> granto@1.0.0 start
> next start -p 3002

2026-01-27T14:28:01: 2026-01-27T14:28:04: 
> granto@1.0.0 start
> next start -p 3002

2026-01-27T14:28:07: 2026-01-27T14:28:07: 2026-01-27T14:28:10: 
> granto@1.0.0 start
> next start -p 3002

2026-01-27T14:28:14: 2026-01-27T14:28:14: 2026-01-27T14:28:17: 
> granto@1.0.0 start
> next start -p 3002

2026-01-27T14:28:20: 2026-01-27T14:28:20: 2026-01-27T14:28:23: 
> granto@1.0.0 start
> next start -p 3002

2026-01-27T14:28:26: 2026-01-27T14:28:26: 2026-01-27T14:28:29: 
> granto@1.0.0 start
> next start -p 3002

2026-01-27T14:28:32: 2026-01-27T14:28:32: 2026-01-27T14:28:35: 
> granto@1.0.0 start
> next start -p 3002

2026-01-27T14:28:38: 2026-01-27T14:28:38: 2026-01-27T14:28:41: 
> granto@1.0.0 start
> next start -p 3002

2026-01-27T14:28:44: 2026-01-27T14:28:44: 2026-01-27T14:28:47: 
> granto@1.0.0 start
> next start -p 3002

2026-01-27T14:28:50: 2026-01-27T14:28:50: 2026-01-27T14:28:53: 
> granto@1.0.0 start
> next start -p 3002

2026-01-27T14:28:56: 2026-01-27T14:28:56: 2026-01-27T14:29:00: 
> granto@1.0.0 start
> next start -p 3002

2026-01-27T14:29:03: 2026-01-27T14:29:03: 2026-01-27T14:29:06: 
> granto@1.0.0 start
> next start -p 3002

2026-01-27T14:29:09: 2026-01-27T14:29:09: 2026-01-27T14:29:12: 
> granto@1.0.0 start
> next start -p 3002

2026-01-27T14:29:15: 2026-01-27T14:29:15: 2026-01-27T14:29:18: 
> granto@1.0.0 start
> next start -p 3002

2026-01-27T14:29:21: 2026-01-27T14:29:24: 
> granto@1.0.0 start
> next start -p 3002

2026-01-27T14:29:27: 2026-01-27T14:29:27: 2026-01-27T14:29:30: 
> granto@1.0.0 start
> next start -p 3002

2026-01-27T14:29:33: 2026-01-27T14:29:33: 2026-01-27T14:29:36: 
> granto@1.0.0 start
> next start -p 3002

2026-01-27T14:29:39: 2026-01-27T14:29:39: 2026-01-27T14:29:43: 
> granto@1.0.0 start
> next start -p 3002

2026-01-27T14:29:46: 2026-01-27T14:29:46: 2026-01-27T14:29:49: 
> granto@1.0.0 start
> next start -p 3002

2026-01-27T14:29:52: 2026-01-27T14:29:52: 2026-01-27T14:29:55: 
> granto@1.0.0 start
> next start -p 3002

2026-01-27T14:29:58: 2026-01-27T14:29:58: 2026-01-27T14:30:01: 
> granto@1.0.0 start
> next start -p 3002

2026-01-27T14:30:04: 2026-01-27T14:30:04: 2026-01-27T14:30:07: 
> granto@1.0.0 start
> next start -p 3002

2026-01-27T14:30:10: 2026-01-27T14:30:10: 2026-01-27T14:30:13: 
> granto@1.0.0 start
> next start -p 3002

2026-01-27T14:30:16: 2026-01-27T14:30:16: 2026-01-27T14:30:19: 
> granto@1.0.0 start
> next start -p 3002

2026-01-27T14:30:22: 2026-01-27T14:30:22: 2026-01-27T14:30:25: 
> granto@1.0.0 start
> next start -p 3002

2026-01-27T14:30:29: 2026-01-27T14:30:29: 2026-01-27T14:30:32: 
> granto@1.0.0 start
> next start -p 3002

2026-01-27T14:30:35: 2026-01-27T14:30:35: 2026-01-27T14:30:38: 
> granto@1.0.0 start
> next start -p 3002

2026-01-27T14:30:41: 2026-01-27T14:30:41: 2026-01-27T14:30:44: 
> granto@1.0.0 start
> next start -p 3002

2026-01-27T14:30:47: 2026-01-27T14:30:47: 2026-01-27T14:30:50: 
> granto@1.0.0 start
> next start -p 3002

2026-01-27T14:30:53: 2026-01-27T14:30:53: 2026-01-27T14:30:56: 
> granto@1.0.0 start
> next start -p 3002

2026-01-27T14:30:59: 2026-01-27T14:30:59: 2026-01-27T14:31:02: 
> granto@1.0.0 start
> next start -p 3002

2026-01-27T14:31:05: 2026-01-27T14:31:05: 2026-01-27T14:31:09: 
> granto@1.0.0 start
> next start -p 3002

2026-01-27T14:31:12: 2026-01-27T14:31:12: 2026-01-27T14:31:15: 
> granto@1.0.0 start
> next start -p 3002

2026-01-27T14:31:18: 2026-01-27T14:31:18: 2026-01-27T14:31:21: 
> granto@1.0.0 start
> next start -p 3002

2026-01-27T14:31:24: 2026-01-27T14:31:24: 2026-01-27T14:31:27: 
> granto@1.0.0 start
> next start -p 3002

2026-01-27T14:31:30: 2026-01-27T14:31:30: 2026-01-27T14:31:33: 
> granto@1.0.0 start
> next start -p 3002

2026-01-27T14:31:36: 2026-01-27T14:31:36: 2026-01-27T14:31:39: 
> granto@1.0.0 start
> next start -p 3002

2026-01-27T14:31:42: 2026-01-27T14:31:42: 2026-01-27T14:31:45: 
> granto@1.0.0 start
> next start -p 3002

2026-01-27T14:31:48: 2026-01-27T14:31:48: 2026-01-27T14:31:51: 
> granto@1.0.0 start
> next start -p 3002

2026-01-27T14:31:54: 2026-01-27T14:31:54: 2026-01-27T14:31:57: 
> granto@1.0.0 start
> next start -p 3002

2026-01-27T14:32:01: 2026-01-27T14:32:01: 2026-01-27T14:32:04: 
> granto@1.0.0 start
> next start -p 3002

2026-01-27T14:32:07: 2026-01-27T14:32:07: 2026-01-27T14:32:10: 
> granto@1.0.0 start
> next start -p 3002

2026-01-27T14:32:13: 2026-01-27T14:32:13: 2026-01-27T14:32:16: 
> granto@1.0.0 start
> next start -p 3002

2026-01-27T14:32:19: 2026-01-27T14:32:19: 2026-01-27T14:32:22: 
> granto@1.0.0 start
> next start -p 3002

2026-01-27T14:32:25: 2026-01-27T14:32:25: 2026-01-27T14:32:28: 
> granto@1.0.0 start
> next start -p 3002

2026-01-27T14:32:31: 2026-01-27T14:32:31: 2026-01-27T14:32:36: 
> granto@1.0.0 start
> next start -p 3002

2026-01-27T14:32:39: 2026-01-27T14:32:39: 2026-01-27T14:32:43: 
> granto@1.0.0 start
> next start -p 3002

2026-01-27T14:32:47: 2026-01-27T14:32:47: 2026-01-27T14:32:52: 
> granto@1.0.0 start
> next start -p 3002

2026-01-27T14:32:56: 2026-01-27T14:32:56: 2026-01-27T14:33:00: 
> granto@1.0.0 start
> next start -p 3002

2026-01-27T14:33:03: 2026-01-27T14:33:03: 2026-01-27T14:33:07: 
> granto@1.0.0 start
> next start -p 3002

2026-01-27T14:33:11: 2026-01-27T14:33:11: 2026-01-27T14:33:15: 
> granto@1.0.0 start
> next start -p 3002

2026-01-27T14:33:19: 2026-01-27T14:33:19: 2026-01-27T14:33:23: 
> granto@1.0.0 start
> next start -p 3002

2026-01-27T14:33:27: 2026-01-27T14:33:27: 2026-01-27T14:33:31: 
> granto@1.0.0 start
> next start -p 3002

2026-01-27T14:33:35: 2026-01-27T14:33:35: 2026-01-27T14:33:39: 
> granto@1.0.0 start
> next start -p 3002

2026-01-27T14:33:43: 2026-01-27T14:33:43: 2026-01-27T14:33:48: 
> granto@1.0.0 start
> next start -p 3002

2026-01-27T14:33:51: 2026-01-27T14:33:51: 2026-01-27T14:33:55: 
> granto@1.0.0 start
> next start -p 3002

2026-01-27T14:33:59: 2026-01-27T14:33:59: 2026-01-27T14:34:03: 
> granto@1.0.0 start
> next start -p 3002

2026-01-27T14:34:06: 2026-01-27T14:34:06: 2026-01-27T14:34:11: 
> granto@1.0.0 start
> next start -p 3002

2026-01-27T14:34:15: 2026-01-27T14:34:15: 2026-01-27T14:34:19: 
> granto@1.0.0 start
> next start -p 3002

2026-01-27T14:34:23: 2026-01-27T14:34:23: 2026-01-27T14:34:27: 
> granto@1.0.0 start
> next start -p 3002

2026-01-27T14:34:31: 2026-01-27T14:34:31: 2026-01-27T14:34:35: 
> granto@1.0.0 start
> next start -p 3002

2026-01-27T14:34:39: 2026-01-27T14:34:39: 2026-01-27T14:34:43: 
> granto@1.0.0 start
> next start -p 3002

2026-01-27T14:34:48: 2026-01-27T14:34:48: 2026-01-27T14:34:52: 
> granto@1.0.0 start
> next start -p 3002

2026-01-27T14:34:56: 2026-01-27T14:34:56: 2026-01-27T14:35:00: 
> granto@1.0.0 start
> next start -p 3002

2026-01-27T14:35:04: 2026-01-27T14:35:04: 2026-01-27T14:35:08: 
> granto@1.0.0 start
> next start -p 3002

2026-01-27T14:35:12: 2026-01-27T14:35:12: 2026-01-27T14:35:16: 
> granto@1.0.0 start
> next start -p 3002

2026-01-27T14:35:20: 2026-01-27T14:35:20: 2026-01-27T14:35:25: 
> granto@1.0.0 start
> next start -p 3002

2026-01-27T14:35:29: 2026-01-27T14:35:29: 2026-01-27T14:35:33: 
> granto@1.0.0 start
> next start -p 3002

2026-01-27T14:35:37: 2026-01-27T14:35:37: 2026-01-27T14:35:42: 
> granto@1.0.0 start
> next start -p 3002

2026-01-27T14:35:46: 2026-01-27T14:35:46: 2026-01-27T14:35:50: 
> granto@1.0.0 start
> next start -p 3002

2026-01-27T14:35:54: 2026-01-27T14:35:54: 2026-01-27T14:35:57: 
> granto@1.0.0 start
> next start -p 3002

2026-01-27T14:36:00: 2026-01-27T14:36:00: 2026-01-27T14:36:03: 
> granto@1.0.0 start
> next start -p 3002

2026-01-27T14:36:06: 2026-01-27T14:36:06: 2026-01-27T14:36:09: 
> granto@1.0.0 start
> next start -p 3002

2026-01-27T14:36:12: 2026-01-27T14:36:12: 2026-01-27T14:36:15: 
> granto@1.0.0 start
> next start -p 3002

2026-01-27T14:36:18: 2026-01-27T14:36:18: 2026-01-27T14:36:22: 
> granto@1.0.0 start
> next start -p 3002

2026-01-27T14:36:25: 2026-01-27T14:36:25: 2026-01-27T14:36:28: 
> granto@1.0.0 start
> next start -p 3002

2026-01-27T14:36:31: 2026-01-27T14:36:31: 2026-01-27T14:36:34: 
> granto@1.0.0 start
> next start -p 3002

2026-01-27T14:36:37: 2026-01-27T14:36:37: 2026-01-27T14:36:40: 
> granto@1.0.0 start
> next start -p 3002

2026-01-27T14:36:43: 2026-01-27T14:36:43: 2026-01-27T14:36:46: 
> granto@1.0.0 start
> next start -p 3002

2026-01-27T14:36:49: 2026-01-27T14:36:49: 2026-01-27T14:36:52: 
> granto@1.0.0 start
> next start -p 3002

2026-01-27T14:36:55: 2026-01-27T14:36:55: 2026-01-27T14:36:58: 
> granto@1.0.0 start
> next start -p 3002

2026-01-27T14:37:01: 2026-01-27T14:37:01: 2026-01-27T14:37:05: 
> granto@1.0.0 start
> next start -p 3002

